<?xml version="1.0" encoding="UTF-8"?>
<testsuite xmlns:xsi="http://www.w3.org/2001/XMLSchema-instance" xsi:noNamespaceSchemaLocation="https://maven.apache.org/surefire/maven-surefire-plugin/xsd/surefire-test-report-3.0.xsd" version="3.0" name="tek.capstone.bdd.framework.runner.TestRunner" time="102.932" tests="22" errors="0" skipped="0" failures="0">
  <properties>
    <property name="sun.desktop" value="windows"/>
    <property name="awt.toolkit" value="sun.awt.windows.WToolkit"/>
    <property name="java.specification.version" value="11"/>
    <property name="sun.cpu.isalist" value="amd64"/>
    <property name="sun.jnu.encoding" value="Cp1252"/>
    <property name="java.class.path" value="C:\Users\Qawim.QAWIM-THINKBOOK\eclipse-workspace\tek-capstone-transformers\target\test-classes;C:\Users\Qawim.QAWIM-THINKBOOK\eclipse-workspace\tek-capstone-transformers\target\classes;C:\Users\Qawim.QAWIM-THINKBOOK\.m2\repository\io\cucumber\cucumber-java\7.8.0\cucumber-java-7.8.0.jar;C:\Users\Qawim.QAWIM-THINKBOOK\.m2\repository\io\cucumber\cucumber-core\7.8.0\cucumber-core-7.8.0.jar;C:\Users\Qawim.QAWIM-THINKBOOK\.m2\repository\io\cucumber\cucumber-gherkin\7.8.0\cucumber-gherkin-7.8.0.jar;C:\Users\Qawim.QAWIM-THINKBOOK\.m2\repository\io\cucumber\cucumber-gherkin-messages\7.8.0\cucumber-gherkin-messages-7.8.0.jar;C:\Users\Qawim.QAWIM-THINKBOOK\.m2\repository\io\cucumber\gherkin\24.0.0\gherkin-24.0.0.jar;C:\Users\Qawim.QAWIM-THINKBOOK\.m2\repository\io\cucumber\messages\19.1.2\messages-19.1.2.jar;C:\Users\Qawim.QAWIM-THINKBOOK\.m2\repository\io\cucumber\tag-expressions\4.1.0\tag-expressions-4.1.0.jar;C:\Users\Qawim.QAWIM-THINKBOOK\.m2\repository\io\cucumber\cucumber-expressions\16.0.0\cucumber-expressions-16.0.0.jar;C:\Users\Qawim.QAWIM-THINKBOOK\.m2\repository\io\cucumber\datatable\7.8.0\datatable-7.8.0.jar;C:\Users\Qawim.QAWIM-THINKBOOK\.m2\repository\io\cucumber\cucumber-plugin\7.8.0\cucumber-plugin-7.8.0.jar;C:\Users\Qawim.QAWIM-THINKBOOK\.m2\repository\io\cucumber\docstring\7.8.0\docstring-7.8.0.jar;C:\Users\Qawim.QAWIM-THINKBOOK\.m2\repository\io\cucumber\html-formatter\20.1.0\html-formatter-20.1.0.jar;C:\Users\Qawim.QAWIM-THINKBOOK\.m2\repository\io\cucumber\ci-environment\9.1.0\ci-environment-9.1.0.jar;C:\Users\Qawim.QAWIM-THINKBOOK\.m2\repository\org\apiguardian\apiguardian-api\1.1.2\apiguardian-api-1.1.2.jar;C:\Users\Qawim.QAWIM-THINKBOOK\.m2\repository\io\cucumber\cucumber-junit\7.8.0\cucumber-junit-7.8.0.jar;C:\Users\Qawim.QAWIM-THINKBOOK\.m2\repository\junit\junit\4.13.2\junit-4.13.2.jar;C:\Users\Qawim.QAWIM-THINKBOOK\.m2\repository\org\hamcrest\hamcrest-core\1.3\hamcrest-core-1.3.jar;C:\Users\Qawim.QAWIM-THINKBOOK\.m2\repository\org\seleniumhq\selenium\selenium-java\4.4.0\selenium-java-4.4.0.jar;C:\Users\Qawim.QAWIM-THINKBOOK\.m2\repository\org\seleniumhq\selenium\selenium-api\4.4.0\selenium-api-4.4.0.jar;C:\Users\Qawim.QAWIM-THINKBOOK\.m2\repository\org\seleniumhq\selenium\selenium-chrome-driver\4.4.0\selenium-chrome-driver-4.4.0.jar;C:\Users\Qawim.QAWIM-THINKBOOK\.m2\repository\com\google\auto\service\auto-service-annotations\1.0.1\auto-service-annotations-1.0.1.jar;C:\Users\Qawim.QAWIM-THINKBOOK\.m2\repository\com\google\auto\service\auto-service\1.0.1\auto-service-1.0.1.jar;C:\Users\Qawim.QAWIM-THINKBOOK\.m2\repository\com\google\auto\auto-common\1.2\auto-common-1.2.jar;C:\Users\Qawim.QAWIM-THINKBOOK\.m2\repository\com\google\guava\guava\31.1-jre\guava-31.1-jre.jar;C:\Users\Qawim.QAWIM-THINKBOOK\.m2\repository\com\google\guava\failureaccess\1.0.1\failureaccess-1.0.1.jar;C:\Users\Qawim.QAWIM-THINKBOOK\.m2\repository\com\google\guava\listenablefuture\9999.0-empty-to-avoid-conflict-with-guava\listenablefuture-9999.0-empty-to-avoid-conflict-with-guava.jar;C:\Users\Qawim.QAWIM-THINKBOOK\.m2\repository\com\google\code\findbugs\jsr305\3.0.2\jsr305-3.0.2.jar;C:\Users\Qawim.QAWIM-THINKBOOK\.m2\repository\org\checkerframework\checker-qual\3.12.0\checker-qual-3.12.0.jar;C:\Users\Qawim.QAWIM-THINKBOOK\.m2\repository\com\google\errorprone\error_prone_annotations\2.11.0\error_prone_annotations-2.11.0.jar;C:\Users\Qawim.QAWIM-THINKBOOK\.m2\repository\com\google\j2objc\j2objc-annotations\1.3\j2objc-annotations-1.3.jar;C:\Users\Qawim.QAWIM-THINKBOOK\.m2\repository\org\seleniumhq\selenium\selenium-chromium-driver\4.4.0\selenium-chromium-driver-4.4.0.jar;C:\Users\Qawim.QAWIM-THINKBOOK\.m2\repository\org\seleniumhq\selenium\selenium-json\4.4.0\selenium-json-4.4.0.jar;C:\Users\Qawim.QAWIM-THINKBOOK\.m2\repository\org\seleniumhq\selenium\selenium-devtools-v102\4.4.0\selenium-devtools-v102-4.4.0.jar;C:\Users\Qawim.QAWIM-THINKBOOK\.m2\repository\org\seleniumhq\selenium\selenium-devtools-v103\4.4.0\selenium-devtools-v103-4.4.0.jar;C:\Users\Qawim.QAWIM-THINKBOOK\.m2\repository\org\seleniumhq\selenium\selenium-devtools-v104\4.4.0\selenium-devtools-v104-4.4.0.jar;C:\Users\Qawim.QAWIM-THINKBOOK\.m2\repository\org\seleniumhq\selenium\selenium-devtools-v85\4.4.0\selenium-devtools-v85-4.4.0.jar;C:\Users\Qawim.QAWIM-THINKBOOK\.m2\repository\org\seleniumhq\selenium\selenium-edge-driver\4.4.0\selenium-edge-driver-4.4.0.jar;C:\Users\Qawim.QAWIM-THINKBOOK\.m2\repository\org\seleniumhq\selenium\selenium-firefox-driver\4.4.0\selenium-firefox-driver-4.4.0.jar;C:\Users\Qawim.QAWIM-THINKBOOK\.m2\repository\org\seleniumhq\selenium\selenium-ie-driver\4.4.0\selenium-ie-driver-4.4.0.jar;C:\Users\Qawim.QAWIM-THINKBOOK\.m2\repository\org\seleniumhq\selenium\selenium-opera-driver\4.4.0\selenium-opera-driver-4.4.0.jar;C:\Users\Qawim.QAWIM-THINKBOOK\.m2\repository\org\seleniumhq\selenium\selenium-remote-driver\4.4.0\selenium-remote-driver-4.4.0.jar;C:\Users\Qawim.QAWIM-THINKBOOK\.m2\repository\com\beust\jcommander\1.82\jcommander-1.82.jar;C:\Users\Qawim.QAWIM-THINKBOOK\.m2\repository\io\netty\netty-buffer\4.1.78.Final\netty-buffer-4.1.78.Final.jar;C:\Users\Qawim.QAWIM-THINKBOOK\.m2\repository\io\netty\netty-codec-http\4.1.78.Final\netty-codec-http-4.1.78.Final.jar;C:\Users\Qawim.QAWIM-THINKBOOK\.m2\repository\io\netty\netty-codec\4.1.78.Final\netty-codec-4.1.78.Final.jar;C:\Users\Qawim.QAWIM-THINKBOOK\.m2\repository\io\netty\netty-handler\4.1.78.Final\netty-handler-4.1.78.Final.jar;C:\Users\Qawim.QAWIM-THINKBOOK\.m2\repository\io\netty\netty-common\4.1.78.Final\netty-common-4.1.78.Final.jar;C:\Users\Qawim.QAWIM-THINKBOOK\.m2\repository\io\netty\netty-transport-classes-epoll\4.1.78.Final\netty-transport-classes-epoll-4.1.78.Final.jar;C:\Users\Qawim.QAWIM-THINKBOOK\.m2\repository\io\netty\netty-transport-classes-kqueue\4.1.78.Final\netty-transport-classes-kqueue-4.1.78.Final.jar;C:\Users\Qawim.QAWIM-THINKBOOK\.m2\repository\io\netty\netty-transport-native-epoll\4.1.78.Final\netty-transport-native-epoll-4.1.78.Final.jar;C:\Users\Qawim.QAWIM-THINKBOOK\.m2\repository\io\netty\netty-transport-native-kqueue\4.1.78.Final\netty-transport-native-kqueue-4.1.78.Final.jar;C:\Users\Qawim.QAWIM-THINKBOOK\.m2\repository\io\netty\netty-transport-native-unix-common\4.1.78.Final\netty-transport-native-unix-common-4.1.78.Final.jar;C:\Users\Qawim.QAWIM-THINKBOOK\.m2\repository\io\netty\netty-transport\4.1.78.Final\netty-transport-4.1.78.Final.jar;C:\Users\Qawim.QAWIM-THINKBOOK\.m2\repository\io\netty\netty-resolver\4.1.78.Final\netty-resolver-4.1.78.Final.jar;C:\Users\Qawim.QAWIM-THINKBOOK\.m2\repository\io\opentelemetry\opentelemetry-api\1.16.0\opentelemetry-api-1.16.0.jar;C:\Users\Qawim.QAWIM-THINKBOOK\.m2\repository\io\opentelemetry\opentelemetry-context\1.16.0\opentelemetry-context-1.16.0.jar;C:\Users\Qawim.QAWIM-THINKBOOK\.m2\repository\io\opentelemetry\opentelemetry-exporter-logging\1.16.0\opentelemetry-exporter-logging-1.16.0.jar;C:\Users\Qawim.QAWIM-THINKBOOK\.m2\repository\io\opentelemetry\opentelemetry-sdk-metrics\1.16.0\opentelemetry-sdk-metrics-1.16.0.jar;C:\Users\Qawim.QAWIM-THINKBOOK\.m2\repository\io\opentelemetry\opentelemetry-sdk-logs\1.16.0-alpha\opentelemetry-sdk-logs-1.16.0-alpha.jar;C:\Users\Qawim.QAWIM-THINKBOOK\.m2\repository\io\opentelemetry\opentelemetry-sdk-common\1.16.0\opentelemetry-sdk-common-1.16.0.jar;C:\Users\Qawim.QAWIM-THINKBOOK\.m2\repository\io\opentelemetry\opentelemetry-sdk-extension-autoconfigure-spi\1.16.0\opentelemetry-sdk-extension-autoconfigure-spi-1.16.0.jar;C:\Users\Qawim.QAWIM-THINKBOOK\.m2\repository\io\opentelemetry\opentelemetry-sdk-extension-autoconfigure\1.16.0-alpha\opentelemetry-sdk-extension-autoconfigure-1.16.0-alpha.jar;C:\Users\Qawim.QAWIM-THINKBOOK\.m2\repository\io\opentelemetry\opentelemetry-sdk-trace\1.16.0\opentelemetry-sdk-trace-1.16.0.jar;C:\Users\Qawim.QAWIM-THINKBOOK\.m2\repository\io\opentelemetry\opentelemetry-sdk\1.16.0\opentelemetry-sdk-1.16.0.jar;C:\Users\Qawim.QAWIM-THINKBOOK\.m2\repository\io\opentelemetry\opentelemetry-semconv\1.16.0-alpha\opentelemetry-semconv-1.16.0-alpha.jar;C:\Users\Qawim.QAWIM-THINKBOOK\.m2\repository\io\ous\jtoml\2.0.0\jtoml-2.0.0.jar;C:\Users\Qawim.QAWIM-THINKBOOK\.m2\repository\net\bytebuddy\byte-buddy\1.12.10\byte-buddy-1.12.10.jar;C:\Users\Qawim.QAWIM-THINKBOOK\.m2\repository\org\apache\commons\commons-exec\1.3\commons-exec-1.3.jar;C:\Users\Qawim.QAWIM-THINKBOOK\.m2\repository\org\asynchttpclient\async-http-client\2.12.3\async-http-client-2.12.3.jar;C:\Users\Qawim.QAWIM-THINKBOOK\.m2\repository\org\asynchttpclient\async-http-client-netty-utils\2.12.3\async-http-client-netty-utils-2.12.3.jar;C:\Users\Qawim.QAWIM-THINKBOOK\.m2\repository\io\netty\netty-codec-socks\4.1.60.Final\netty-codec-socks-4.1.60.Final.jar;C:\Users\Qawim.QAWIM-THINKBOOK\.m2\repository\io\netty\netty-handler-proxy\4.1.60.Final\netty-handler-proxy-4.1.60.Final.jar;C:\Users\Qawim.QAWIM-THINKBOOK\.m2\repository\io\netty\netty-transport-native-epoll\4.1.60.Final\netty-transport-native-epoll-4.1.60.Final-linux-x86_64.jar;C:\Users\Qawim.QAWIM-THINKBOOK\.m2\repository\io\netty\netty-transport-native-kqueue\4.1.60.Final\netty-transport-native-kqueue-4.1.60.Final-osx-x86_64.jar;C:\Users\Qawim.QAWIM-THINKBOOK\.m2\repository\org\reactivestreams\reactive-streams\1.0.3\reactive-streams-1.0.3.jar;C:\Users\Qawim.QAWIM-THINKBOOK\.m2\repository\com\typesafe\netty\netty-reactive-streams\2.0.4\netty-reactive-streams-2.0.4.jar;C:\Users\Qawim.QAWIM-THINKBOOK\.m2\repository\com\sun\activation\jakarta.activation\1.2.2\jakarta.activation-1.2.2.jar;C:\Users\Qawim.QAWIM-THINKBOOK\.m2\repository\org\seleniumhq\selenium\selenium-http\4.4.0\selenium-http-4.4.0.jar;C:\Users\Qawim.QAWIM-THINKBOOK\.m2\repository\dev\failsafe\failsafe\3.2.4\failsafe-3.2.4.jar;C:\Users\Qawim.QAWIM-THINKBOOK\.m2\repository\org\seleniumhq\selenium\selenium-safari-driver\4.4.0\selenium-safari-driver-4.4.0.jar;C:\Users\Qawim.QAWIM-THINKBOOK\.m2\repository\org\seleniumhq\selenium\selenium-support\4.4.0\selenium-support-4.4.0.jar;C:\Users\Qawim.QAWIM-THINKBOOK\.m2\repository\io\github\bonigarcia\webdrivermanager\5.3.0\webdrivermanager-5.3.0.jar;C:\Users\Qawim.QAWIM-THINKBOOK\.m2\repository\org\slf4j\slf4j-api\1.7.36\slf4j-api-1.7.36.jar;C:\Users\Qawim.QAWIM-THINKBOOK\.m2\repository\com\google\code\gson\gson\2.9.1\gson-2.9.1.jar;C:\Users\Qawim.QAWIM-THINKBOOK\.m2\repository\com\github\docker-java\docker-java\3.2.13\docker-java-3.2.13.jar;C:\Users\Qawim.QAWIM-THINKBOOK\.m2\repository\com\github\docker-java\docker-java-core\3.2.13\docker-java-core-3.2.13.jar;C:\Users\Qawim.QAWIM-THINKBOOK\.m2\repository\com\github\docker-java\docker-java-api\3.2.13\docker-java-api-3.2.13.jar;C:\Users\Qawim.QAWIM-THINKBOOK\.m2\repository\com\fasterxml\jackson\core\jackson-annotations\2.10.3\jackson-annotations-2.10.3.jar;C:\Users\Qawim.QAWIM-THINKBOOK\.m2\repository\com\fasterxml\jackson\core\jackson-databind\2.10.3\jackson-databind-2.10.3.jar;C:\Users\Qawim.QAWIM-THINKBOOK\.m2\repository\com\fasterxml\jackson\core\jackson-core\2.10.3\jackson-core-2.10.3.jar;C:\Users\Qawim.QAWIM-THINKBOOK\.m2\repository\org\bouncycastle\bcpkix-jdk15on\1.64\bcpkix-jdk15on-1.64.jar;C:\Users\Qawim.QAWIM-THINKBOOK\.m2\repository\org\bouncycastle\bcprov-jdk15on\1.64\bcprov-jdk15on-1.64.jar;C:\Users\Qawim.QAWIM-THINKBOOK\.m2\repository\org\slf4j\jcl-over-slf4j\1.7.30\jcl-over-slf4j-1.7.30.jar;C:\Users\Qawim.QAWIM-THINKBOOK\.m2\repository\com\github\docker-java\docker-java-transport-httpclient5\3.2.13\docker-java-transport-httpclient5-3.2.13.jar;C:\Users\Qawim.QAWIM-THINKBOOK\.m2\repository\com\github\docker-java\docker-java-transport\3.2.13\docker-java-transport-3.2.13.jar;C:\Users\Qawim.QAWIM-THINKBOOK\.m2\repository\net\java\dev\jna\jna\5.8.0\jna-5.8.0.jar;C:\Users\Qawim.QAWIM-THINKBOOK\.m2\repository\org\brotli\dec\0.1.2\dec-0.1.2.jar;C:\Users\Qawim.QAWIM-THINKBOOK\.m2\repository\org\apache\commons\commons-lang3\3.12.0\commons-lang3-3.12.0.jar;C:\Users\Qawim.QAWIM-THINKBOOK\.m2\repository\org\apache\httpcomponents\client5\httpclient5\5.1.3\httpclient5-5.1.3.jar;C:\Users\Qawim.QAWIM-THINKBOOK\.m2\repository\org\apache\httpcomponents\core5\httpcore5\5.1.3\httpcore5-5.1.3.jar;C:\Users\Qawim.QAWIM-THINKBOOK\.m2\repository\org\apache\httpcomponents\core5\httpcore5-h2\5.1.3\httpcore5-h2-5.1.3.jar;C:\Users\Qawim.QAWIM-THINKBOOK\.m2\repository\org\apache\poi\poi\5.2.3\poi-5.2.3.jar;C:\Users\Qawim.QAWIM-THINKBOOK\.m2\repository\commons-codec\commons-codec\1.15\commons-codec-1.15.jar;C:\Users\Qawim.QAWIM-THINKBOOK\.m2\repository\org\apache\commons\commons-collections4\4.4\commons-collections4-4.4.jar;C:\Users\Qawim.QAWIM-THINKBOOK\.m2\repository\org\apache\commons\commons-math3\3.6.1\commons-math3-3.6.1.jar;C:\Users\Qawim.QAWIM-THINKBOOK\.m2\repository\com\zaxxer\SparseBitSet\1.2\SparseBitSet-1.2.jar;C:\Users\Qawim.QAWIM-THINKBOOK\.m2\repository\org\apache\logging\log4j\log4j-api\2.18.0\log4j-api-2.18.0.jar;C:\Users\Qawim.QAWIM-THINKBOOK\.m2\repository\org\apache\poi\poi-ooxml\5.2.3\poi-ooxml-5.2.3.jar;C:\Users\Qawim.QAWIM-THINKBOOK\.m2\repository\org\apache\poi\poi-ooxml-lite\5.2.3\poi-ooxml-lite-5.2.3.jar;C:\Users\Qawim.QAWIM-THINKBOOK\.m2\repository\org\apache\xmlbeans\xmlbeans\5.1.1\xmlbeans-5.1.1.jar;C:\Users\Qawim.QAWIM-THINKBOOK\.m2\repository\org\apache\commons\commons-compress\1.21\commons-compress-1.21.jar;C:\Users\Qawim.QAWIM-THINKBOOK\.m2\repository\com\github\virtuald\curvesapi\1.07\curvesapi-1.07.jar;C:\Users\Qawim.QAWIM-THINKBOOK\.m2\repository\mysql\mysql-connector-java\8.0.30\mysql-connector-java-8.0.30.jar;C:\Users\Qawim.QAWIM-THINKBOOK\.m2\repository\com\google\protobuf\protobuf-java\3.19.4\protobuf-java-3.19.4.jar;C:\Users\Qawim.QAWIM-THINKBOOK\.m2\repository\commons-io\commons-io\2.11.0\commons-io-2.11.0.jar;C:\Users\Qawim.QAWIM-THINKBOOK\.m2\repository\org\yaml\snakeyaml\1.33\snakeyaml-1.33.jar;C:\Users\Qawim.QAWIM-THINKBOOK\.m2\repository\log4j\log4j\1.2.17\log4j-1.2.17.jar;C:\Users\Qawim.QAWIM-THINKBOOK\.m2\repository\net\datafaker\datafaker\1.8.0\datafaker-1.8.0.jar;C:\Users\Qawim.QAWIM-THINKBOOK\.m2\repository\com\github\mifmif\generex\1.0.2\generex-1.0.2.jar;C:\Users\Qawim.QAWIM-THINKBOOK\.m2\repository\dk\brics\automaton\automaton\1.11-8\automaton-1.11-8.jar;"/>
    <property name="java.vm.vendor" value="Oracle Corporation"/>
    <property name="sun.arch.data.model" value="64"/>
    <property name="user.variant" value=""/>
    <property name="java.vendor.url" value="https://openjdk.java.net/"/>
    <property name="user.timezone" value="America/New_York"/>
    <property name="java.vm.specification.version" value="11"/>
    <property name="os.name" value="Windows 11"/>
    <property name="sun.java.launcher" value="SUN_STANDARD"/>
    <property name="user.country" value="CA"/>
    <property name="sun.boot.library.path" value="C:\Program Files\Java\jdk-11.0.15.1\bin"/>
    <property name="sun.java.command" value="C:\Users\Qawim.QAWIM-THINKBOOK\AppData\Local\Temp\surefire5284809543227245521\surefirebooter-20230711115129793_3.jar C:\Users\Qawim.QAWIM-THINKBOOK\AppData\Local\Temp\surefire5284809543227245521 2023-07-11T11-51-29_407-jvmRun1 surefire-20230711115129793_1tmp surefire_0-20230711115129793_2tmp"/>
    <property name="jdk.debug" value="release"/>
    <property name="surefire.test.class.path" value="C:\Users\Qawim.QAWIM-THINKBOOK\eclipse-workspace\tek-capstone-transformers\target\test-classes;C:\Users\Qawim.QAWIM-THINKBOOK\eclipse-workspace\tek-capstone-transformers\target\classes;C:\Users\Qawim.QAWIM-THINKBOOK\.m2\repository\io\cucumber\cucumber-java\7.8.0\cucumber-java-7.8.0.jar;C:\Users\Qawim.QAWIM-THINKBOOK\.m2\repository\io\cucumber\cucumber-core\7.8.0\cucumber-core-7.8.0.jar;C:\Users\Qawim.QAWIM-THINKBOOK\.m2\repository\io\cucumber\cucumber-gherkin\7.8.0\cucumber-gherkin-7.8.0.jar;C:\Users\Qawim.QAWIM-THINKBOOK\.m2\repository\io\cucumber\cucumber-gherkin-messages\7.8.0\cucumber-gherkin-messages-7.8.0.jar;C:\Users\Qawim.QAWIM-THINKBOOK\.m2\repository\io\cucumber\gherkin\24.0.0\gherkin-24.0.0.jar;C:\Users\Qawim.QAWIM-THINKBOOK\.m2\repository\io\cucumber\messages\19.1.2\messages-19.1.2.jar;C:\Users\Qawim.QAWIM-THINKBOOK\.m2\repository\io\cucumber\tag-expressions\4.1.0\tag-expressions-4.1.0.jar;C:\Users\Qawim.QAWIM-THINKBOOK\.m2\repository\io\cucumber\cucumber-expressions\16.0.0\cucumber-expressions-16.0.0.jar;C:\Users\Qawim.QAWIM-THINKBOOK\.m2\repository\io\cucumber\datatable\7.8.0\datatable-7.8.0.jar;C:\Users\Qawim.QAWIM-THINKBOOK\.m2\repository\io\cucumber\cucumber-plugin\7.8.0\cucumber-plugin-7.8.0.jar;C:\Users\Qawim.QAWIM-THINKBOOK\.m2\repository\io\cucumber\docstring\7.8.0\docstring-7.8.0.jar;C:\Users\Qawim.QAWIM-THINKBOOK\.m2\repository\io\cucumber\html-formatter\20.1.0\html-formatter-20.1.0.jar;C:\Users\Qawim.QAWIM-THINKBOOK\.m2\repository\io\cucumber\ci-environment\9.1.0\ci-environment-9.1.0.jar;C:\Users\Qawim.QAWIM-THINKBOOK\.m2\repository\org\apiguardian\apiguardian-api\1.1.2\apiguardian-api-1.1.2.jar;C:\Users\Qawim.QAWIM-THINKBOOK\.m2\repository\io\cucumber\cucumber-junit\7.8.0\cucumber-junit-7.8.0.jar;C:\Users\Qawim.QAWIM-THINKBOOK\.m2\repository\junit\junit\4.13.2\junit-4.13.2.jar;C:\Users\Qawim.QAWIM-THINKBOOK\.m2\repository\org\hamcrest\hamcrest-core\1.3\hamcrest-core-1.3.jar;C:\Users\Qawim.QAWIM-THINKBOOK\.m2\repository\org\seleniumhq\selenium\selenium-java\4.4.0\selenium-java-4.4.0.jar;C:\Users\Qawim.QAWIM-THINKBOOK\.m2\repository\org\seleniumhq\selenium\selenium-api\4.4.0\selenium-api-4.4.0.jar;C:\Users\Qawim.QAWIM-THINKBOOK\.m2\repository\org\seleniumhq\selenium\selenium-chrome-driver\4.4.0\selenium-chrome-driver-4.4.0.jar;C:\Users\Qawim.QAWIM-THINKBOOK\.m2\repository\com\google\auto\service\auto-service-annotations\1.0.1\auto-service-annotations-1.0.1.jar;C:\Users\Qawim.QAWIM-THINKBOOK\.m2\repository\com\google\auto\service\auto-service\1.0.1\auto-service-1.0.1.jar;C:\Users\Qawim.QAWIM-THINKBOOK\.m2\repository\com\google\auto\auto-common\1.2\auto-common-1.2.jar;C:\Users\Qawim.QAWIM-THINKBOOK\.m2\repository\com\google\guava\guava\31.1-jre\guava-31.1-jre.jar;C:\Users\Qawim.QAWIM-THINKBOOK\.m2\repository\com\google\guava\failureaccess\1.0.1\failureaccess-1.0.1.jar;C:\Users\Qawim.QAWIM-THINKBOOK\.m2\repository\com\google\guava\listenablefuture\9999.0-empty-to-avoid-conflict-with-guava\listenablefuture-9999.0-empty-to-avoid-conflict-with-guava.jar;C:\Users\Qawim.QAWIM-THINKBOOK\.m2\repository\com\google\code\findbugs\jsr305\3.0.2\jsr305-3.0.2.jar;C:\Users\Qawim.QAWIM-THINKBOOK\.m2\repository\org\checkerframework\checker-qual\3.12.0\checker-qual-3.12.0.jar;C:\Users\Qawim.QAWIM-THINKBOOK\.m2\repository\com\google\errorprone\error_prone_annotations\2.11.0\error_prone_annotations-2.11.0.jar;C:\Users\Qawim.QAWIM-THINKBOOK\.m2\repository\com\google\j2objc\j2objc-annotations\1.3\j2objc-annotations-1.3.jar;C:\Users\Qawim.QAWIM-THINKBOOK\.m2\repository\org\seleniumhq\selenium\selenium-chromium-driver\4.4.0\selenium-chromium-driver-4.4.0.jar;C:\Users\Qawim.QAWIM-THINKBOOK\.m2\repository\org\seleniumhq\selenium\selenium-json\4.4.0\selenium-json-4.4.0.jar;C:\Users\Qawim.QAWIM-THINKBOOK\.m2\repository\org\seleniumhq\selenium\selenium-devtools-v102\4.4.0\selenium-devtools-v102-4.4.0.jar;C:\Users\Qawim.QAWIM-THINKBOOK\.m2\repository\org\seleniumhq\selenium\selenium-devtools-v103\4.4.0\selenium-devtools-v103-4.4.0.jar;C:\Users\Qawim.QAWIM-THINKBOOK\.m2\repository\org\seleniumhq\selenium\selenium-devtools-v104\4.4.0\selenium-devtools-v104-4.4.0.jar;C:\Users\Qawim.QAWIM-THINKBOOK\.m2\repository\org\seleniumhq\selenium\selenium-devtools-v85\4.4.0\selenium-devtools-v85-4.4.0.jar;C:\Users\Qawim.QAWIM-THINKBOOK\.m2\repository\org\seleniumhq\selenium\selenium-edge-driver\4.4.0\selenium-edge-driver-4.4.0.jar;C:\Users\Qawim.QAWIM-THINKBOOK\.m2\repository\org\seleniumhq\selenium\selenium-firefox-driver\4.4.0\selenium-firefox-driver-4.4.0.jar;C:\Users\Qawim.QAWIM-THINKBOOK\.m2\repository\org\seleniumhq\selenium\selenium-ie-driver\4.4.0\selenium-ie-driver-4.4.0.jar;C:\Users\Qawim.QAWIM-THINKBOOK\.m2\repository\org\seleniumhq\selenium\selenium-opera-driver\4.4.0\selenium-opera-driver-4.4.0.jar;C:\Users\Qawim.QAWIM-THINKBOOK\.m2\repository\org\seleniumhq\selenium\selenium-remote-driver\4.4.0\selenium-remote-driver-4.4.0.jar;C:\Users\Qawim.QAWIM-THINKBOOK\.m2\repository\com\beust\jcommander\1.82\jcommander-1.82.jar;C:\Users\Qawim.QAWIM-THINKBOOK\.m2\repository\io\netty\netty-buffer\4.1.78.Final\netty-buffer-4.1.78.Final.jar;C:\Users\Qawim.QAWIM-THINKBOOK\.m2\repository\io\netty\netty-codec-http\4.1.78.Final\netty-codec-http-4.1.78.Final.jar;C:\Users\Qawim.QAWIM-THINKBOOK\.m2\repository\io\netty\netty-codec\4.1.78.Final\netty-codec-4.1.78.Final.jar;C:\Users\Qawim.QAWIM-THINKBOOK\.m2\repository\io\netty\netty-handler\4.1.78.Final\netty-handler-4.1.78.Final.jar;C:\Users\Qawim.QAWIM-THINKBOOK\.m2\repository\io\netty\netty-common\4.1.78.Final\netty-common-4.1.78.Final.jar;C:\Users\Qawim.QAWIM-THINKBOOK\.m2\repository\io\netty\netty-transport-classes-epoll\4.1.78.Final\netty-transport-classes-epoll-4.1.78.Final.jar;C:\Users\Qawim.QAWIM-THINKBOOK\.m2\repository\io\netty\netty-transport-classes-kqueue\4.1.78.Final\netty-transport-classes-kqueue-4.1.78.Final.jar;C:\Users\Qawim.QAWIM-THINKBOOK\.m2\repository\io\netty\netty-transport-native-epoll\4.1.78.Final\netty-transport-native-epoll-4.1.78.Final.jar;C:\Users\Qawim.QAWIM-THINKBOOK\.m2\repository\io\netty\netty-transport-native-kqueue\4.1.78.Final\netty-transport-native-kqueue-4.1.78.Final.jar;C:\Users\Qawim.QAWIM-THINKBOOK\.m2\repository\io\netty\netty-transport-native-unix-common\4.1.78.Final\netty-transport-native-unix-common-4.1.78.Final.jar;C:\Users\Qawim.QAWIM-THINKBOOK\.m2\repository\io\netty\netty-transport\4.1.78.Final\netty-transport-4.1.78.Final.jar;C:\Users\Qawim.QAWIM-THINKBOOK\.m2\repository\io\netty\netty-resolver\4.1.78.Final\netty-resolver-4.1.78.Final.jar;C:\Users\Qawim.QAWIM-THINKBOOK\.m2\repository\io\opentelemetry\opentelemetry-api\1.16.0\opentelemetry-api-1.16.0.jar;C:\Users\Qawim.QAWIM-THINKBOOK\.m2\repository\io\opentelemetry\opentelemetry-context\1.16.0\opentelemetry-context-1.16.0.jar;C:\Users\Qawim.QAWIM-THINKBOOK\.m2\repository\io\opentelemetry\opentelemetry-exporter-logging\1.16.0\opentelemetry-exporter-logging-1.16.0.jar;C:\Users\Qawim.QAWIM-THINKBOOK\.m2\repository\io\opentelemetry\opentelemetry-sdk-metrics\1.16.0\opentelemetry-sdk-metrics-1.16.0.jar;C:\Users\Qawim.QAWIM-THINKBOOK\.m2\repository\io\opentelemetry\opentelemetry-sdk-logs\1.16.0-alpha\opentelemetry-sdk-logs-1.16.0-alpha.jar;C:\Users\Qawim.QAWIM-THINKBOOK\.m2\repository\io\opentelemetry\opentelemetry-sdk-common\1.16.0\opentelemetry-sdk-common-1.16.0.jar;C:\Users\Qawim.QAWIM-THINKBOOK\.m2\repository\io\opentelemetry\opentelemetry-sdk-extension-autoconfigure-spi\1.16.0\opentelemetry-sdk-extension-autoconfigure-spi-1.16.0.jar;C:\Users\Qawim.QAWIM-THINKBOOK\.m2\repository\io\opentelemetry\opentelemetry-sdk-extension-autoconfigure\1.16.0-alpha\opentelemetry-sdk-extension-autoconfigure-1.16.0-alpha.jar;C:\Users\Qawim.QAWIM-THINKBOOK\.m2\repository\io\opentelemetry\opentelemetry-sdk-trace\1.16.0\opentelemetry-sdk-trace-1.16.0.jar;C:\Users\Qawim.QAWIM-THINKBOOK\.m2\repository\io\opentelemetry\opentelemetry-sdk\1.16.0\opentelemetry-sdk-1.16.0.jar;C:\Users\Qawim.QAWIM-THINKBOOK\.m2\repository\io\opentelemetry\opentelemetry-semconv\1.16.0-alpha\opentelemetry-semconv-1.16.0-alpha.jar;C:\Users\Qawim.QAWIM-THINKBOOK\.m2\repository\io\ous\jtoml\2.0.0\jtoml-2.0.0.jar;C:\Users\Qawim.QAWIM-THINKBOOK\.m2\repository\net\bytebuddy\byte-buddy\1.12.10\byte-buddy-1.12.10.jar;C:\Users\Qawim.QAWIM-THINKBOOK\.m2\repository\org\apache\commons\commons-exec\1.3\commons-exec-1.3.jar;C:\Users\Qawim.QAWIM-THINKBOOK\.m2\repository\org\asynchttpclient\async-http-client\2.12.3\async-http-client-2.12.3.jar;C:\Users\Qawim.QAWIM-THINKBOOK\.m2\repository\org\asynchttpclient\async-http-client-netty-utils\2.12.3\async-http-client-netty-utils-2.12.3.jar;C:\Users\Qawim.QAWIM-THINKBOOK\.m2\repository\io\netty\netty-codec-socks\4.1.60.Final\netty-codec-socks-4.1.60.Final.jar;C:\Users\Qawim.QAWIM-THINKBOOK\.m2\repository\io\netty\netty-handler-proxy\4.1.60.Final\netty-handler-proxy-4.1.60.Final.jar;C:\Users\Qawim.QAWIM-THINKBOOK\.m2\repository\io\netty\netty-transport-native-epoll\4.1.60.Final\netty-transport-native-epoll-4.1.60.Final-linux-x86_64.jar;C:\Users\Qawim.QAWIM-THINKBOOK\.m2\repository\io\netty\netty-transport-native-kqueue\4.1.60.Final\netty-transport-native-kqueue-4.1.60.Final-osx-x86_64.jar;C:\Users\Qawim.QAWIM-THINKBOOK\.m2\repository\org\reactivestreams\reactive-streams\1.0.3\reactive-streams-1.0.3.jar;C:\Users\Qawim.QAWIM-THINKBOOK\.m2\repository\com\typesafe\netty\netty-reactive-streams\2.0.4\netty-reactive-streams-2.0.4.jar;C:\Users\Qawim.QAWIM-THINKBOOK\.m2\repository\com\sun\activation\jakarta.activation\1.2.2\jakarta.activation-1.2.2.jar;C:\Users\Qawim.QAWIM-THINKBOOK\.m2\repository\org\seleniumhq\selenium\selenium-http\4.4.0\selenium-http-4.4.0.jar;C:\Users\Qawim.QAWIM-THINKBOOK\.m2\repository\dev\failsafe\failsafe\3.2.4\failsafe-3.2.4.jar;C:\Users\Qawim.QAWIM-THINKBOOK\.m2\repository\org\seleniumhq\selenium\selenium-safari-driver\4.4.0\selenium-safari-driver-4.4.0.jar;C:\Users\Qawim.QAWIM-THINKBOOK\.m2\repository\org\seleniumhq\selenium\selenium-support\4.4.0\selenium-support-4.4.0.jar;C:\Users\Qawim.QAWIM-THINKBOOK\.m2\repository\io\github\bonigarcia\webdrivermanager\5.3.0\webdrivermanager-5.3.0.jar;C:\Users\Qawim.QAWIM-THINKBOOK\.m2\repository\org\slf4j\slf4j-api\1.7.36\slf4j-api-1.7.36.jar;C:\Users\Qawim.QAWIM-THINKBOOK\.m2\repository\com\google\code\gson\gson\2.9.1\gson-2.9.1.jar;C:\Users\Qawim.QAWIM-THINKBOOK\.m2\repository\com\github\docker-java\docker-java\3.2.13\docker-java-3.2.13.jar;C:\Users\Qawim.QAWIM-THINKBOOK\.m2\repository\com\github\docker-java\docker-java-core\3.2.13\docker-java-core-3.2.13.jar;C:\Users\Qawim.QAWIM-THINKBOOK\.m2\repository\com\github\docker-java\docker-java-api\3.2.13\docker-java-api-3.2.13.jar;C:\Users\Qawim.QAWIM-THINKBOOK\.m2\repository\com\fasterxml\jackson\core\jackson-annotations\2.10.3\jackson-annotations-2.10.3.jar;C:\Users\Qawim.QAWIM-THINKBOOK\.m2\repository\com\fasterxml\jackson\core\jackson-databind\2.10.3\jackson-databind-2.10.3.jar;C:\Users\Qawim.QAWIM-THINKBOOK\.m2\repository\com\fasterxml\jackson\core\jackson-core\2.10.3\jackson-core-2.10.3.jar;C:\Users\Qawim.QAWIM-THINKBOOK\.m2\repository\org\bouncycastle\bcpkix-jdk15on\1.64\bcpkix-jdk15on-1.64.jar;C:\Users\Qawim.QAWIM-THINKBOOK\.m2\repository\org\bouncycastle\bcprov-jdk15on\1.64\bcprov-jdk15on-1.64.jar;C:\Users\Qawim.QAWIM-THINKBOOK\.m2\repository\org\slf4j\jcl-over-slf4j\1.7.30\jcl-over-slf4j-1.7.30.jar;C:\Users\Qawim.QAWIM-THINKBOOK\.m2\repository\com\github\docker-java\docker-java-transport-httpclient5\3.2.13\docker-java-transport-httpclient5-3.2.13.jar;C:\Users\Qawim.QAWIM-THINKBOOK\.m2\repository\com\github\docker-java\docker-java-transport\3.2.13\docker-java-transport-3.2.13.jar;C:\Users\Qawim.QAWIM-THINKBOOK\.m2\repository\net\java\dev\jna\jna\5.8.0\jna-5.8.0.jar;C:\Users\Qawim.QAWIM-THINKBOOK\.m2\repository\org\brotli\dec\0.1.2\dec-0.1.2.jar;C:\Users\Qawim.QAWIM-THINKBOOK\.m2\repository\org\apache\commons\commons-lang3\3.12.0\commons-lang3-3.12.0.jar;C:\Users\Qawim.QAWIM-THINKBOOK\.m2\repository\org\apache\httpcomponents\client5\httpclient5\5.1.3\httpclient5-5.1.3.jar;C:\Users\Qawim.QAWIM-THINKBOOK\.m2\repository\org\apache\httpcomponents\core5\httpcore5\5.1.3\httpcore5-5.1.3.jar;C:\Users\Qawim.QAWIM-THINKBOOK\.m2\repository\org\apache\httpcomponents\core5\httpcore5-h2\5.1.3\httpcore5-h2-5.1.3.jar;C:\Users\Qawim.QAWIM-THINKBOOK\.m2\repository\org\apache\poi\poi\5.2.3\poi-5.2.3.jar;C:\Users\Qawim.QAWIM-THINKBOOK\.m2\repository\commons-codec\commons-codec\1.15\commons-codec-1.15.jar;C:\Users\Qawim.QAWIM-THINKBOOK\.m2\repository\org\apache\commons\commons-collections4\4.4\commons-collections4-4.4.jar;C:\Users\Qawim.QAWIM-THINKBOOK\.m2\repository\org\apache\commons\commons-math3\3.6.1\commons-math3-3.6.1.jar;C:\Users\Qawim.QAWIM-THINKBOOK\.m2\repository\com\zaxxer\SparseBitSet\1.2\SparseBitSet-1.2.jar;C:\Users\Qawim.QAWIM-THINKBOOK\.m2\repository\org\apache\logging\log4j\log4j-api\2.18.0\log4j-api-2.18.0.jar;C:\Users\Qawim.QAWIM-THINKBOOK\.m2\repository\org\apache\poi\poi-ooxml\5.2.3\poi-ooxml-5.2.3.jar;C:\Users\Qawim.QAWIM-THINKBOOK\.m2\repository\org\apache\poi\poi-ooxml-lite\5.2.3\poi-ooxml-lite-5.2.3.jar;C:\Users\Qawim.QAWIM-THINKBOOK\.m2\repository\org\apache\xmlbeans\xmlbeans\5.1.1\xmlbeans-5.1.1.jar;C:\Users\Qawim.QAWIM-THINKBOOK\.m2\repository\org\apache\commons\commons-compress\1.21\commons-compress-1.21.jar;C:\Users\Qawim.QAWIM-THINKBOOK\.m2\repository\com\github\virtuald\curvesapi\1.07\curvesapi-1.07.jar;C:\Users\Qawim.QAWIM-THINKBOOK\.m2\repository\mysql\mysql-connector-java\8.0.30\mysql-connector-java-8.0.30.jar;C:\Users\Qawim.QAWIM-THINKBOOK\.m2\repository\com\google\protobuf\protobuf-java\3.19.4\protobuf-java-3.19.4.jar;C:\Users\Qawim.QAWIM-THINKBOOK\.m2\repository\commons-io\commons-io\2.11.0\commons-io-2.11.0.jar;C:\Users\Qawim.QAWIM-THINKBOOK\.m2\repository\org\yaml\snakeyaml\1.33\snakeyaml-1.33.jar;C:\Users\Qawim.QAWIM-THINKBOOK\.m2\repository\log4j\log4j\1.2.17\log4j-1.2.17.jar;C:\Users\Qawim.QAWIM-THINKBOOK\.m2\repository\net\datafaker\datafaker\1.8.0\datafaker-1.8.0.jar;C:\Users\Qawim.QAWIM-THINKBOOK\.m2\repository\com\github\mifmif\generex\1.0.2\generex-1.0.2.jar;C:\Users\Qawim.QAWIM-THINKBOOK\.m2\repository\dk\brics\automaton\automaton\1.11-8\automaton-1.11-8.jar;"/>
    <property name="sun.cpu.endian" value="little"/>
    <property name="user.home" value="C:\Users\Qawim.QAWIM-THINKBOOK"/>
    <property name="user.language" value="en"/>
    <property name="java.specification.vendor" value="Oracle Corporation"/>
    <property name="java.version.date" value="2022-04-22"/>
    <property name="java.home" value="C:\Program Files\Java\jdk-11.0.15.1"/>
    <property name="file.separator" value="\"/>
    <property name="style.color" value="always"/>
    <property name="basedir" value="C:\Users\Qawim.QAWIM-THINKBOOK\eclipse-workspace\tek-capstone-transformers"/>
    <property name="java.vm.compressedOopsMode" value="Zero based"/>
    <property name="line.separator" value="&#10;"/>
    <property name="java.specification.name" value="Java Platform API Specification"/>
    <property name="java.vm.specification.vendor" value="Oracle Corporation"/>
    <property name="java.awt.graphicsenv" value="sun.awt.Win32GraphicsEnvironment"/>
    <property name="surefire.real.class.path" value="C:\Users\Qawim.QAWIM-THINKBOOK\AppData\Local\Temp\surefire5284809543227245521\surefirebooter-20230711115129793_3.jar"/>
    <property name="user.script" value=""/>
    <property name="sun.management.compiler" value="HotSpot 64-Bit Tiered Compilers"/>
    <property name="java.runtime.version" value="11.0.15.1+2-LTS-10"/>
    <property name="user.name" value="Qawim"/>
    <property name="path.separator" value=";"/>
    <property name="os.version" value="10.0"/>
    <property name="java.runtime.name" value="Java(TM) SE Runtime Environment"/>
    <property name="file.encoding" value="Cp1252"/>
    <property name="java.vm.name" value="Java HotSpot(TM) 64-Bit Server VM"/>
    <property name="java.vendor.version" value="18.9"/>
    <property name="localRepository" value="C:\Users\Qawim.QAWIM-THINKBOOK\.m2\repository"/>
    <property name="java.vendor.url.bug" value="https://bugreport.java.com/bugreport/"/>
    <property name="java.io.tmpdir" value="C:\Users\QAWIM~1.QAW\AppData\Local\Temp\"/>
    <property name="java.version" value="11.0.15.1"/>
    <property name="user.dir" value="C:\Users\Qawim.QAWIM-THINKBOOK\eclipse-workspace\tek-capstone-transformers"/>
    <property name="os.arch" value="amd64"/>
    <property name="java.vm.specification.name" value="Java Virtual Machine Specification"/>
    <property name="java.awt.printerjob" value="sun.awt.windows.WPrinterJob"/>
    <property name="sun.os.patch.level" value=""/>
    <property name="java.library.path" value="C:\Program Files\Java\jdk-11.0.15.1\bin;C:\WINDOWS\Sun\Java\bin;C:\WINDOWS\system32;C:\WINDOWS;C:/Users/Qawim.QAWIM-THINKBOOK/.p2/pool/plugins/org.eclipse.justj.openjdk.hotspot.jre.full.win32.x86_64_17.0.4.v20221004-1257/jre/bin/server;C:/Users/Qawim.QAWIM-THINKBOOK/.p2/pool/plugins/org.eclipse.justj.openjdk.hotspot.jre.full.win32.x86_64_17.0.4.v20221004-1257/jre/bin;C:\Program Files\Common Files\Oracle\Java\javapath;C:\App\db_home\bin;C:\WINDOWS\system32;C:\WINDOWS;C:\WINDOWS\System32\Wbem;C:\WINDOWS\System32\WindowsPowerShell\v1.0\;C:\WINDOWS\System32\OpenSSH\;C:\apache-maven-3.8.7\bin;C:\Program Files\nodejs\;C:\Program Files\Git\cmd;C:\Program Files\MySQL\MySQL Server 8.0\bin;C:\Users\Qawim.QAWIM-THINKBOOK\AppData\Local\Programs\Python\Python310\Scripts\;C:\Users\Qawim.QAWIM-THINKBOOK\AppData\Local\Programs\Python\Python310\;C:\Users\Qawim.QAWIM-THINKBOOK\AppData\Local\Microsoft\WindowsApps;C:\Users\Qawim.QAWIM-THINKBOOK\AppData\Local\Programs\Microsoft VS Code\bin;C:\Developer\flutter\bin;C:\Developer\android-sdk\platforms;C:\Developer\android-sdk\platform-tools;C:\Users\Qawim.QAWIM-THINKBOOK\AppData\Local\atom\bin;C:\Users\Qawim.QAWIM-THINKBOOK\AppData\Local\Microsoft\WindowsApps;C:\Users\Qawim.QAWIM-THINKBOOK\AppData\Roaming\npm;C:\Program Files\nodejs;C:\Program Files\nodejs\node_modules\npm\bin;C:\ffmpeg\bin;;C:\Users\Qawim.QAWIM-THINKBOOK\Desktop;;."/>
    <property name="java.vendor" value="Oracle Corporation"/>
    <property name="java.vm.info" value="mixed mode"/>
    <property name="java.vm.version" value="11.0.15.1+2-LTS-10"/>
    <property name="sun.io.unicode.encoding" value="UnicodeLittle"/>
    <property name="java.class.version" value="55.0"/>
  </properties>
  <testcase name="Verify Shop by Department sidebar" classname="Retail Home Page" time="4.998">
    <system-out><![CDATA[
@jenkins @home1 @regression
Scenario: Verify Shop by Department sidebar                    # features/Home.feature:8
 INFO [main] (SignInSteps.java:28)- user is on retail website
 INFO [main] (SignInSteps.java:29)- actual title React App equals expected title: React App
  Given User is on retail website                              # tek.capstone.bdd.framework.steps.SignInSteps.userIsOnRetailWebsite()
 INFO [main] (HomeSteps.java:24)- user clicked on all section button
  When User click on All section                               # tek.capstone.bdd.framework.steps.HomeSteps.userClickOnAllSection()
 INFO [main] (HomeSteps.java:33)- Electronics equals Electronics
 INFO [main] (HomeSteps.java:33)- Computers equals Computers
 INFO [main] (HomeSteps.java:33)- Smart Home equals Smart Home
 INFO [main] (HomeSteps.java:33)- Sports equals Sports
 INFO [main] (HomeSteps.java:33)- Automative equals Automative
  Then below options are present in Shop by Department sidebar # tek.capstone.bdd.framework.steps.HomeSteps.belowOptionsShouldBePresent(io.cucumber.datatable.DataTable)
    | Electronics | Computers | Smart Home | Sports | Automative |

    Embedding Verify Shop by Department sidebar scenario failed [image/png 1007438 bytes]

]]></system-out>
    <system-err><![CDATA[SLF4J: Failed to load class "org.slf4j.impl.StaticLoggerBinder".
SLF4J: Defaulting to no-operation (NOP) logger implementation
SLF4J: See http://www.slf4j.org/codes.html#StaticLoggerBinder for further details.
ERROR StatusLogger Log4j2 could not find a logging implementation. Please add log4j-core to the classpath. Using SimpleLogger to log to the console...
Starting ChromeDriver 114.0.5735.90 (386bc09e8f4f2e025eddae123f36f6263096ae49-refs/branch-heads/5735@{#1052}) on port 57734
Only local connections are allowed.
Please see https://chromedriver.chromium.org/security-considerations for suggestions on keeping ChromeDriver safe.
ChromeDriver was started successfully.
Jul. 11, 2023 11:51:33 A.M. org.openqa.selenium.remote.ProtocolHandshake createSession
INFO: Detected upstream dialect: W3C
Jul. 11, 2023 11:51:33 A.M. org.openqa.selenium.devtools.CdpVersionFinder findNearestMatch
WARNING: Unable to find an exact match for CDP version 114, so returning the closest version found: a no-op implementation
Jul. 11, 2023 11:51:33 A.M. org.openqa.selenium.devtools.CdpVersionFinder findNearestMatch
INFO: Unable to find CDP implementation matching 114.
Jul. 11, 2023 11:51:33 A.M. org.openqa.selenium.chromium.ChromiumDriver lambda$new$3
WARNING: Unable to find version of CDP to use for . You may need to include a dependency on a specific version of the CDP using something similar to `org.seleniumhq.selenium:selenium-devtools-v86:4.4.0` where the version ("v86") matches the version of the chromium-based browser you're using and the version number of the artifact is the same as Selenium's.
]]></system-err>
  </testcase>
  <testcase name="Verify department sidebar options #1" classname="Retail Home Page" time="3.711">
    <system-out><![CDATA[
@jenkins @home2 @regression @smoke
Scenario Outline: Verify department sidebar options # features/Home.feature:22
 INFO [main] (SignInSteps.java:28)- user is on retail website
 INFO [main] (SignInSteps.java:29)- actual title React App equals expected title: React App
  Given User is on retail website                   # tek.capstone.bdd.framework.steps.SignInSteps.userIsOnRetailWebsite()
 INFO [main] (HomeSteps.java:24)- user clicked on all section button
  When User click on All section                    # tek.capstone.bdd.framework.steps.HomeSteps.userClickOnAllSection()
 INFO [main] (HomeSteps.java:43)- Electronics is present
  And User on 'Electronics'                         # tek.capstone.bdd.framework.steps.HomeSteps.userOnDepartment(java.lang.String)
 INFO [main] (HomeSteps.java:59)- TV & Video is present
 INFO [main] (HomeSteps.java:59)- Video Games is present
  Then below options are present in department      # tek.capstone.bdd.framework.steps.HomeSteps.belowOptionsArePresentInDepartment(io.cucumber.datatable.DataTable)
    | TV & Video | Video Games |

    Embedding Verify department sidebar options scenario failed [image/png 990119 bytes]

]]></system-out>
    <system-err><![CDATA[Starting ChromeDriver 114.0.5735.90 (386bc09e8f4f2e025eddae123f36f6263096ae49-refs/branch-heads/5735@{#1052}) on port 56564
Only local connections are allowed.
Please see https://chromedriver.chromium.org/security-considerations for suggestions on keeping ChromeDriver safe.
ChromeDriver was started successfully.
Jul. 11, 2023 11:51:37 A.M. org.openqa.selenium.remote.ProtocolHandshake createSession
INFO: Detected upstream dialect: W3C
Jul. 11, 2023 11:51:37 A.M. org.openqa.selenium.devtools.CdpVersionFinder findNearestMatch
WARNING: Unable to find an exact match for CDP version 114, so returning the closest version found: a no-op implementation
Jul. 11, 2023 11:51:37 A.M. org.openqa.selenium.devtools.CdpVersionFinder findNearestMatch
INFO: Unable to find CDP implementation matching 114.
Jul. 11, 2023 11:51:37 A.M. org.openqa.selenium.chromium.ChromiumDriver lambda$new$3
WARNING: Unable to find version of CDP to use for . You may need to include a dependency on a specific version of the CDP using something similar to `org.seleniumhq.selenium:selenium-devtools-v86:4.4.0` where the version ("v86") matches the version of the chromium-based browser you're using and the version number of the artifact is the same as Selenium's.
]]></system-err>
  </testcase>
  <testcase name="Verify department sidebar options #2" classname="Retail Home Page" time="3.745">
    <system-out><![CDATA[
@jenkins @home2 @regression @smoke
Scenario Outline: Verify department sidebar options # features/Home.feature:23
 INFO [main] (SignInSteps.java:28)- user is on retail website
 INFO [main] (SignInSteps.java:29)- actual title React App equals expected title: React App
  Given User is on retail website                   # tek.capstone.bdd.framework.steps.SignInSteps.userIsOnRetailWebsite()
 INFO [main] (HomeSteps.java:24)- user clicked on all section button
  When User click on All section                    # tek.capstone.bdd.framework.steps.HomeSteps.userClickOnAllSection()
 INFO [main] (HomeSteps.java:43)- Electronics is present
 INFO [main] (HomeSteps.java:43)- Computers is present
  And User on 'Computers'                           # tek.capstone.bdd.framework.steps.HomeSteps.userOnDepartment(java.lang.String)
 INFO [main] (HomeSteps.java:59)- Accessories is present
 INFO [main] (HomeSteps.java:59)- Networking is present
  Then below options are present in department      # tek.capstone.bdd.framework.steps.HomeSteps.belowOptionsArePresentInDepartment(io.cucumber.datatable.DataTable)
    | Accessories | Networking |

    Embedding Verify department sidebar options scenario failed [image/png 956477 bytes]

]]></system-out>
    <system-err><![CDATA[Starting ChromeDriver 114.0.5735.90 (386bc09e8f4f2e025eddae123f36f6263096ae49-refs/branch-heads/5735@{#1052}) on port 59348
Only local connections are allowed.
Please see https://chromedriver.chromium.org/security-considerations for suggestions on keeping ChromeDriver safe.
ChromeDriver was started successfully.
Jul. 11, 2023 11:51:40 A.M. org.openqa.selenium.remote.ProtocolHandshake createSession
INFO: Detected upstream dialect: W3C
Jul. 11, 2023 11:51:40 A.M. org.openqa.selenium.devtools.CdpVersionFinder findNearestMatch
WARNING: Unable to find an exact match for CDP version 114, so returning the closest version found: a no-op implementation
Jul. 11, 2023 11:51:40 A.M. org.openqa.selenium.devtools.CdpVersionFinder findNearestMatch
INFO: Unable to find CDP implementation matching 114.
Jul. 11, 2023 11:51:40 A.M. org.openqa.selenium.chromium.ChromiumDriver lambda$new$3
WARNING: Unable to find version of CDP to use for . You may need to include a dependency on a specific version of the CDP using something similar to `org.seleniumhq.selenium:selenium-devtools-v86:4.4.0` where the version ("v86") matches the version of the chromium-based browser you're using and the version number of the artifact is the same as Selenium's.
]]></system-err>
  </testcase>
  <testcase name="Verify department sidebar options #3" classname="Retail Home Page" time="3.861">
    <system-out><![CDATA[
@jenkins @home2 @regression @smoke
Scenario Outline: Verify department sidebar options # features/Home.feature:24
 INFO [main] (SignInSteps.java:28)- user is on retail website
 INFO [main] (SignInSteps.java:29)- actual title React App equals expected title: React App
  Given User is on retail website                   # tek.capstone.bdd.framework.steps.SignInSteps.userIsOnRetailWebsite()
 INFO [main] (HomeSteps.java:24)- user clicked on all section button
  When User click on All section                    # tek.capstone.bdd.framework.steps.HomeSteps.userClickOnAllSection()
 INFO [main] (HomeSteps.java:43)- Electronics is present
 INFO [main] (HomeSteps.java:43)- Computers is present
 INFO [main] (HomeSteps.java:43)- Smart Home is present
  And User on 'Smart Home'                          # tek.capstone.bdd.framework.steps.HomeSteps.userOnDepartment(java.lang.String)
 INFO [main] (HomeSteps.java:59)- Smart Home Lightning is present
 INFO [main] (HomeSteps.java:59)- Plugs and Outlets is present
  Then below options are present in department      # tek.capstone.bdd.framework.steps.HomeSteps.belowOptionsArePresentInDepartment(io.cucumber.datatable.DataTable)
    | Smart Home Lightning | Plugs and Outlets |

    Embedding Verify department sidebar options scenario failed [image/png 993845 bytes]

]]></system-out>
    <system-err><![CDATA[Starting ChromeDriver 114.0.5735.90 (386bc09e8f4f2e025eddae123f36f6263096ae49-refs/branch-heads/5735@{#1052}) on port 57296
Only local connections are allowed.
Please see https://chromedriver.chromium.org/security-considerations for suggestions on keeping ChromeDriver safe.
ChromeDriver was started successfully.
Jul. 11, 2023 11:51:44 A.M. org.openqa.selenium.remote.ProtocolHandshake createSession
INFO: Detected upstream dialect: W3C
Jul. 11, 2023 11:51:44 A.M. org.openqa.selenium.devtools.CdpVersionFinder findNearestMatch
WARNING: Unable to find an exact match for CDP version 114, so returning the closest version found: a no-op implementation
Jul. 11, 2023 11:51:44 A.M. org.openqa.selenium.devtools.CdpVersionFinder findNearestMatch
INFO: Unable to find CDP implementation matching 114.
Jul. 11, 2023 11:51:44 A.M. org.openqa.selenium.chromium.ChromiumDriver lambda$new$3
WARNING: Unable to find version of CDP to use for . You may need to include a dependency on a specific version of the CDP using something similar to `org.seleniumhq.selenium:selenium-devtools-v86:4.4.0` where the version ("v86") matches the version of the chromium-based browser you're using and the version number of the artifact is the same as Selenium's.
]]></system-err>
  </testcase>
  <testcase name="Verify department sidebar options #4" classname="Retail Home Page" time="3.633">
    <system-out><![CDATA[
@jenkins @home2 @regression @smoke
Scenario Outline: Verify department sidebar options # features/Home.feature:25
 INFO [main] (SignInSteps.java:28)- user is on retail website
 INFO [main] (SignInSteps.java:29)- actual title React App equals expected title: React App
  Given User is on retail website                   # tek.capstone.bdd.framework.steps.SignInSteps.userIsOnRetailWebsite()
 INFO [main] (HomeSteps.java:24)- user clicked on all section button
  When User click on All section                    # tek.capstone.bdd.framework.steps.HomeSteps.userClickOnAllSection()
 INFO [main] (HomeSteps.java:43)- Electronics is present
 INFO [main] (HomeSteps.java:43)- Computers is present
 INFO [main] (HomeSteps.java:43)- Smart Home is present
 INFO [main] (HomeSteps.java:43)- Sports is present
  And User on 'Sports'                              # tek.capstone.bdd.framework.steps.HomeSteps.userOnDepartment(java.lang.String)
 INFO [main] (HomeSteps.java:59)- Athletic Clothing is present
 INFO [main] (HomeSteps.java:59)- Exercise & Fitness is present
  Then below options are present in department      # tek.capstone.bdd.framework.steps.HomeSteps.belowOptionsArePresentInDepartment(io.cucumber.datatable.DataTable)
    | Athletic Clothing | Exercise & Fitness |

    Embedding Verify department sidebar options scenario failed [image/png 992583 bytes]

]]></system-out>
    <system-err><![CDATA[Starting ChromeDriver 114.0.5735.90 (386bc09e8f4f2e025eddae123f36f6263096ae49-refs/branch-heads/5735@{#1052}) on port 50531
Only local connections are allowed.
Please see https://chromedriver.chromium.org/security-considerations for suggestions on keeping ChromeDriver safe.
ChromeDriver was started successfully.
Jul. 11, 2023 11:51:48 A.M. org.openqa.selenium.remote.ProtocolHandshake createSession
INFO: Detected upstream dialect: W3C
Jul. 11, 2023 11:51:48 A.M. org.openqa.selenium.devtools.CdpVersionFinder findNearestMatch
WARNING: Unable to find an exact match for CDP version 114, so returning the closest version found: a no-op implementation
Jul. 11, 2023 11:51:48 A.M. org.openqa.selenium.devtools.CdpVersionFinder findNearestMatch
INFO: Unable to find CDP implementation matching 114.
Jul. 11, 2023 11:51:48 A.M. org.openqa.selenium.chromium.ChromiumDriver lambda$new$3
WARNING: Unable to find version of CDP to use for . You may need to include a dependency on a specific version of the CDP using something similar to `org.seleniumhq.selenium:selenium-devtools-v86:4.4.0` where the version ("v86") matches the version of the chromium-based browser you're using and the version number of the artifact is the same as Selenium's.
]]></system-err>
  </testcase>
  <testcase name="Verify department sidebar options #5" classname="Retail Home Page" time="3.572">
    <system-out><![CDATA[
@jenkins @home2 @regression @smoke
Scenario Outline: Verify department sidebar options # features/Home.feature:26
 INFO [main] (SignInSteps.java:28)- user is on retail website
 INFO [main] (SignInSteps.java:29)- actual title React App equals expected title: React App
  Given User is on retail website                   # tek.capstone.bdd.framework.steps.SignInSteps.userIsOnRetailWebsite()
 INFO [main] (HomeSteps.java:24)- user clicked on all section button
  When User click on All section                    # tek.capstone.bdd.framework.steps.HomeSteps.userClickOnAllSection()
 INFO [main] (HomeSteps.java:43)- Electronics is present
 INFO [main] (HomeSteps.java:43)- Computers is present
 INFO [main] (HomeSteps.java:43)- Smart Home is present
 INFO [main] (HomeSteps.java:43)- Sports is present
 INFO [main] (HomeSteps.java:43)- Automative is present
  And User on 'Automotive'                          # tek.capstone.bdd.framework.steps.HomeSteps.userOnDepartment(java.lang.String)
  Then below options are present in department      # tek.capstone.bdd.framework.steps.HomeSteps.belowOptionsArePresentInDepartment(io.cucumber.datatable.DataTable)
    | Automative Parts & Accessories | MotorCycle & Powersports |

    Embedding Verify department sidebar options scenario failed [image/png 1007438 bytes]

]]></system-out>
    <system-err><![CDATA[Starting ChromeDriver 114.0.5735.90 (386bc09e8f4f2e025eddae123f36f6263096ae49-refs/branch-heads/5735@{#1052}) on port 52389
Only local connections are allowed.
Please see https://chromedriver.chromium.org/security-considerations for suggestions on keeping ChromeDriver safe.
ChromeDriver was started successfully.
Jul. 11, 2023 11:51:51 A.M. org.openqa.selenium.remote.ProtocolHandshake createSession
INFO: Detected upstream dialect: W3C
Jul. 11, 2023 11:51:51 A.M. org.openqa.selenium.devtools.CdpVersionFinder findNearestMatch
WARNING: Unable to find an exact match for CDP version 114, so returning the closest version found: a no-op implementation
Jul. 11, 2023 11:51:51 A.M. org.openqa.selenium.devtools.CdpVersionFinder findNearestMatch
INFO: Unable to find CDP implementation matching 114.
Jul. 11, 2023 11:51:51 A.M. org.openqa.selenium.chromium.ChromiumDriver lambda$new$3
WARNING: Unable to find version of CDP to use for . You may need to include a dependency on a specific version of the CDP using something similar to `org.seleniumhq.selenium:selenium-devtools-v86:4.4.0` where the version ("v86") matches the version of the chromium-based browser you're using and the version number of the artifact is the same as Selenium's.
]]></system-err>
  </testcase>
  <testcase name="Verify User can add an item to cart" classname="Retail Home Page" time="4.719">
    <system-out><![CDATA[
@jenkins @home3 @regression
Scenario: Verify User can add an item to cart           # features/Home.feature:29
 INFO [main] (SignInSteps.java:28)- user is on retail website
 INFO [main] (SignInSteps.java:29)- actual title React App equals expected title: React App
  Given User is on retail website                       # tek.capstone.bdd.framework.steps.SignInSteps.userIsOnRetailWebsite()
 INFO [main] (SignInSteps.java:28)- user is on retail website
 INFO [main] (SignInSteps.java:29)- actual title React App equals expected title: React App
  Given User is on retail website                       # tek.capstone.bdd.framework.steps.SignInSteps.userIsOnRetailWebsite()
 INFO [main] (SignInSteps.java:35)- user clicked on sign in button
  When User click on Sign in option                     # tek.capstone.bdd.framework.steps.SignInSteps.userClickOnSignIn()
 INFO [main] (SignInSteps.java:42)- user entered email email and password password
  And User enter email 'email' and password 'password'  # tek.capstone.bdd.framework.steps.SignInSteps.userEnterEmailAndPassword(java.lang.String,java.lang.String)
 INFO [main] (SignInSteps.java:48)- user clicked on login button
  And User click on login button                        # tek.capstone.bdd.framework.steps.SignInSteps.userClickOnLoginBtn()
 INFO [main] (SignInSteps.java:54)- user has logged in into account
  And User should be logged in into Account             # tek.capstone.bdd.framework.steps.SignInSteps.userShouldBeLoggedIn()
  And User change the category to 'Smart Home'          # tek.capstone.bdd.framework.steps.HomeSteps.userChangeCategory(java.lang.String)
 INFO [main] (HomeSteps.java:85)- user entered the item name
  And User search for an item 'kasa outdoor smart plug' # tek.capstone.bdd.framework.steps.HomeSteps.userSearchForAnItem(java.lang.String)
 INFO [main] (HomeSteps.java:92)- user clicked on search icon
  And User click on Search icon                         # tek.capstone.bdd.framework.steps.HomeSteps.userClickOnSearchIcon()
 INFO [main] (HomeSteps.java:99)- user clicked on product
  And User click on item                                # tek.capstone.bdd.framework.steps.HomeSteps.userClickOnItem()
 INFO [main] (HomeSteps.java:105)- user selected the quantity to 2
  And User select quantity '2'                          # tek.capstone.bdd.framework.steps.HomeSteps.userSelectQuantity(java.lang.String)
 INFO [main] (HomeSteps.java:111)- user clicked on add to cart button
  And User click add to Cart button                     # tek.capstone.bdd.framework.steps.HomeSteps.userClickOnAddToCartBtn()
 INFO [main] (HomeSteps.java:128)- cart icon has been updated to 2
  Then the cart icon quantity should change to '2'      # tek.capstone.bdd.framework.steps.HomeSteps.theCartIconShouldChange(java.lang.String)

    Embedding Verify User can add an item to cart scenario failed [image/png 187704 bytes]

]]></system-out>
    <system-err><![CDATA[Starting ChromeDriver 114.0.5735.90 (386bc09e8f4f2e025eddae123f36f6263096ae49-refs/branch-heads/5735@{#1052}) on port 52188
Only local connections are allowed.
Please see https://chromedriver.chromium.org/security-considerations for suggestions on keeping ChromeDriver safe.
ChromeDriver was started successfully.
Jul. 11, 2023 11:51:55 A.M. org.openqa.selenium.remote.ProtocolHandshake createSession
INFO: Detected upstream dialect: W3C
Jul. 11, 2023 11:51:55 A.M. org.openqa.selenium.devtools.CdpVersionFinder findNearestMatch
WARNING: Unable to find an exact match for CDP version 114, so returning the closest version found: a no-op implementation
Jul. 11, 2023 11:51:55 A.M. org.openqa.selenium.devtools.CdpVersionFinder findNearestMatch
INFO: Unable to find CDP implementation matching 114.
Jul. 11, 2023 11:51:55 A.M. org.openqa.selenium.chromium.ChromiumDriver lambda$new$3
WARNING: Unable to find version of CDP to use for . You may need to include a dependency on a specific version of the CDP using something similar to `org.seleniumhq.selenium:selenium-devtools-v86:4.4.0` where the version ("v86") matches the version of the chromium-based browser you're using and the version number of the artifact is the same as Selenium's.
]]></system-err>
  </testcase>
  <testcase name="Verify User can place an order without Shipping address and payment Method on file" classname="Retail Home Page" time="7.249">
    <system-out><![CDATA[
@jenkins @home4 @regression @smoke
Scenario: Verify User can place an order without Shipping address and payment Method on file # features/Home.feature:44
 INFO [main] (SignInSteps.java:28)- user is on retail website
 INFO [main] (SignInSteps.java:29)- actual title React App equals expected title: React App
  Given User is on retail website                                                            # tek.capstone.bdd.framework.steps.SignInSteps.userIsOnRetailWebsite()
 INFO [main] (SignInSteps.java:35)- user clicked on sign in button
  When User click on Sign in option                                                          # tek.capstone.bdd.framework.steps.SignInSteps.userClickOnSignIn()
 INFO [main] (SignInSteps.java:42)- user entered email email and password password
  And User enter email 'email' and password 'password'                                       # tek.capstone.bdd.framework.steps.SignInSteps.userEnterEmailAndPassword(java.lang.String,java.lang.String)
 INFO [main] (SignInSteps.java:48)- user clicked on login button
  And User click on login button                                                             # tek.capstone.bdd.framework.steps.SignInSteps.userClickOnLoginBtn()
 INFO [main] (SignInSteps.java:54)- user has logged in into account
  And User should be logged in into Account                                                  # tek.capstone.bdd.framework.steps.SignInSteps.userShouldBeLoggedIn()
  And User change the category to 'Smart Home'                                               # tek.capstone.bdd.framework.steps.HomeSteps.userChangeCategory(java.lang.String)
 INFO [main] (HomeSteps.java:85)- user entered the item name
  And User search for an item 'kasa outdoor smart plug'                                      # tek.capstone.bdd.framework.steps.HomeSteps.userSearchForAnItem(java.lang.String)
 INFO [main] (HomeSteps.java:92)- user clicked on search icon
  And User click on Search icon                                                              # tek.capstone.bdd.framework.steps.HomeSteps.userClickOnSearchIcon()
 INFO [main] (HomeSteps.java:99)- user clicked on product
  And User click on item                                                                     # tek.capstone.bdd.framework.steps.HomeSteps.userClickOnItem()
 INFO [main] (HomeSteps.java:105)- user selected the quantity to 2
  And User select quantity '2'                                                               # tek.capstone.bdd.framework.steps.HomeSteps.userSelectQuantity(java.lang.String)
 INFO [main] (HomeSteps.java:111)- user clicked on add to cart button
  And User click add to Cart button                                                          # tek.capstone.bdd.framework.steps.HomeSteps.userClickOnAddToCartBtn()
 INFO [main] (HomeSteps.java:128)- cart icon has been updated to 2
  Then the cart icon quantity should change to '2'                                           # tek.capstone.bdd.framework.steps.HomeSteps.theCartIconShouldChange(java.lang.String)
 INFO [main] (HomeSteps.java:135)- user clicked on cart button
  And User click on Cart option                                                              # tek.capstone.bdd.framework.steps.HomeSteps.userClickOnCartOption()
 INFO [main] (HomeSteps.java:141)- user clicked on Proceed to Checkout button
  And User click on Proceed to Checkout button                                               # tek.capstone.bdd.framework.steps.HomeSteps.userClickOnProceedToCheckoutBtn()
 INFO [main] (HomeSteps.java:147)- user clicked on add a new address link
  And User click Add a new address link for shipping address                                 # tek.capstone.bdd.framework.steps.HomeSteps.userClickOnAddANewAddressLink()
 INFO [main] (RetailAccountSteps.java:157)- user added the address information
  And User fill new address form with below information                                      # tek.capstone.bdd.framework.steps.RetailAccountSteps.userFillAddressInfo(io.cucumber.datatable.DataTable)
    | country       | fullName | phoneNumber | streetAddress | apt | city | state      | zipCode |
    | United States | fullName | phoneNumber | streetAddress | 123 | city | California | zipCode |
 INFO [main] (RetailAccountSteps.java:163)- user clicked on Add Your Address button
  And User click Add Your Address button                                                     # tek.capstone.bdd.framework.steps.RetailAccountSteps.userClickAddYourAddressBtn()
 INFO [main] (HomeSteps.java:153)- user clicked on add a credit or debit card link
  And User click Add a credit card or Debit Card for Payment method                          # tek.capstone.bdd.framework.steps.HomeSteps.userClickAddACreditOrDebitCardLink()
 INFO [main] (RetailAccountSteps.java:67)- user filled debit or credit cards information
  And User fill Debit or credit card information                                             # tek.capstone.bdd.framework.steps.RetailAccountSteps.userFillDebitOrCreditCardInfo(io.cucumber.datatable.DataTable)
    | cardNumber | nameOnCard | expirationMonth | expirationYear | securityCode |
    | cardNumber | fullName   | expirationMonth | expirationYear | securityCode |
 INFO [main] (RetailAccountSteps.java:74)- user clicked on Add Your card button
  And User click on Add your card button                                                     # tek.capstone.bdd.framework.steps.RetailAccountSteps.userClickOnAddYourCardBtn()
 INFO [main] (HomeSteps.java:159)- user clicked on place your order button
  And User click on Place Your Order                                                         # tek.capstone.bdd.framework.steps.HomeSteps.userClickOnPlaceYourOrder()
 INFO [main] (HomeSteps.java:165)- Order placed message is displayed
  Then a message should be displayed â€˜Order Placed, Thanksâ€™                                  # tek.capstone.bdd.framework.steps.HomeSteps.orderPlacedMessageShouldBeDisplayed()

    Embedding Verify User can place an order without Shipping address and payment Method on file scenario failed [image/png 112844 bytes]

]]></system-out>
    <system-err><![CDATA[Starting ChromeDriver 114.0.5735.90 (386bc09e8f4f2e025eddae123f36f6263096ae49-refs/branch-heads/5735@{#1052}) on port 54752
Only local connections are allowed.
Please see https://chromedriver.chromium.org/security-considerations for suggestions on keeping ChromeDriver safe.
ChromeDriver was started successfully.
Jul. 11, 2023 11:52:00 A.M. org.openqa.selenium.remote.ProtocolHandshake createSession
INFO: Detected upstream dialect: W3C
Jul. 11, 2023 11:52:00 A.M. org.openqa.selenium.devtools.CdpVersionFinder findNearestMatch
WARNING: Unable to find an exact match for CDP version 114, so returning the closest version found: a no-op implementation
Jul. 11, 2023 11:52:00 A.M. org.openqa.selenium.devtools.CdpVersionFinder findNearestMatch
INFO: Unable to find CDP implementation matching 114.
Jul. 11, 2023 11:52:00 A.M. org.openqa.selenium.chromium.ChromiumDriver lambda$new$3
WARNING: Unable to find version of CDP to use for . You may need to include a dependency on a specific version of the CDP using something similar to `org.seleniumhq.selenium:selenium-devtools-v86:4.4.0` where the version ("v86") matches the version of the chromium-based browser you're using and the version number of the artifact is the same as Selenium's.
]]></system-err>
  </testcase>
  <testcase name="Verify User can place an order with Shipping address and payment Method on file" classname="Retail Home Page" time="4.966">
    <system-out><![CDATA[
@jenkins @home5 @regression
Scenario: Verify User can place an order with Shipping address and payment Method on file # features/Home.feature:72
 INFO [main] (SignInSteps.java:28)- user is on retail website
 INFO [main] (SignInSteps.java:29)- actual title React App equals expected title: React App
  Given User is on retail website                                                         # tek.capstone.bdd.framework.steps.SignInSteps.userIsOnRetailWebsite()
 INFO [main] (SignInSteps.java:35)- user clicked on sign in button
  When User click on Sign in option                                                       # tek.capstone.bdd.framework.steps.SignInSteps.userClickOnSignIn()
 INFO [main] (SignInSteps.java:42)- user entered email email and password password
  And User enter email 'email' and password 'password'                                    # tek.capstone.bdd.framework.steps.SignInSteps.userEnterEmailAndPassword(java.lang.String,java.lang.String)
 INFO [main] (SignInSteps.java:48)- user clicked on login button
  And User click on login button                                                          # tek.capstone.bdd.framework.steps.SignInSteps.userClickOnLoginBtn()
 INFO [main] (SignInSteps.java:54)- user has logged in into account
  And User should be logged in into Account                                               # tek.capstone.bdd.framework.steps.SignInSteps.userShouldBeLoggedIn()
  And User change the category to 'Electronics'                                           # tek.capstone.bdd.framework.steps.HomeSteps.userChangeCategory(java.lang.String)
 INFO [main] (HomeSteps.java:85)- user entered the item name
  And User search for an item 'Apex Legends'                                              # tek.capstone.bdd.framework.steps.HomeSteps.userSearchForAnItem(java.lang.String)
 INFO [main] (HomeSteps.java:92)- user clicked on search icon
  And User click on Search icon                                                           # tek.capstone.bdd.framework.steps.HomeSteps.userClickOnSearchIcon()
 INFO [main] (HomeSteps.java:99)- user clicked on product
  And User click on item                                                                  # tek.capstone.bdd.framework.steps.HomeSteps.userClickOnItem()
 INFO [main] (HomeSteps.java:105)- user selected the quantity to 5
  And User select quantity '5'                                                            # tek.capstone.bdd.framework.steps.HomeSteps.userSelectQuantity(java.lang.String)
 INFO [main] (HomeSteps.java:111)- user clicked on add to cart button
  And User click add to Cart button                                                       # tek.capstone.bdd.framework.steps.HomeSteps.userClickOnAddToCartBtn()
 INFO [main] (HomeSteps.java:128)- cart icon has been updated to 5
  Then the cart icon quantity should change to '5'                                        # tek.capstone.bdd.framework.steps.HomeSteps.theCartIconShouldChange(java.lang.String)
 INFO [main] (HomeSteps.java:135)- user clicked on cart button
  And User click on Cart option                                                           # tek.capstone.bdd.framework.steps.HomeSteps.userClickOnCartOption()
 INFO [main] (HomeSteps.java:141)- user clicked on Proceed to Checkout button
  And User click on Proceed to Checkout button                                            # tek.capstone.bdd.framework.steps.HomeSteps.userClickOnProceedToCheckoutBtn()
 INFO [main] (HomeSteps.java:159)- user clicked on place your order button
  And User click on Place Your Order                                                      # tek.capstone.bdd.framework.steps.HomeSteps.userClickOnPlaceYourOrder()
 INFO [main] (HomeSteps.java:165)- Order placed message is displayed
  Then a message should be displayed â€˜Order Placed, Thanksâ€™                               # tek.capstone.bdd.framework.steps.HomeSteps.orderPlacedMessageShouldBeDisplayed()

    Embedding Verify User can place an order with Shipping address and payment Method on file scenario failed [image/png 86566 bytes]

]]></system-out>
    <system-err><![CDATA[Starting ChromeDriver 114.0.5735.90 (386bc09e8f4f2e025eddae123f36f6263096ae49-refs/branch-heads/5735@{#1052}) on port 49452
Only local connections are allowed.
Please see https://chromedriver.chromium.org/security-considerations for suggestions on keeping ChromeDriver safe.
ChromeDriver was started successfully.
Jul. 11, 2023 11:52:07 A.M. org.openqa.selenium.remote.ProtocolHandshake createSession
INFO: Detected upstream dialect: W3C
Jul. 11, 2023 11:52:07 A.M. org.openqa.selenium.devtools.CdpVersionFinder findNearestMatch
WARNING: Unable to find an exact match for CDP version 114, so returning the closest version found: a no-op implementation
Jul. 11, 2023 11:52:07 A.M. org.openqa.selenium.devtools.CdpVersionFinder findNearestMatch
INFO: Unable to find CDP implementation matching 114.
Jul. 11, 2023 11:52:07 A.M. org.openqa.selenium.chromium.ChromiumDriver lambda$new$3
WARNING: Unable to find version of CDP to use for . You may need to include a dependency on a specific version of the CDP using something similar to `org.seleniumhq.selenium:selenium-devtools-v86:4.4.0` where the version ("v86") matches the version of the chromium-based browser you're using and the version number of the artifact is the same as Selenium's.
]]></system-err>
  </testcase>
  <testcase name="Verify User can update Profile Information" classname="Retail Account Page" time="4.761">
    <system-out><![CDATA[
@jenkins @account1 @regression
Scenario: Verify User can update Profile Information       # features/RetailAccount.feature:13
 INFO [main] (SignInSteps.java:28)- user is on retail website
 INFO [main] (SignInSteps.java:29)- actual title React App equals expected title: React App
  Given User is on retail website                          # tek.capstone.bdd.framework.steps.SignInSteps.userIsOnRetailWebsite()
 INFO [main] (SignInSteps.java:35)- user clicked on sign in button
  When User click on Sign in option                        # tek.capstone.bdd.framework.steps.SignInSteps.userClickOnSignIn()
 INFO [main] (SignInSteps.java:42)- user entered email email and password password
  And User enter email 'email' and password 'password'     # tek.capstone.bdd.framework.steps.SignInSteps.userEnterEmailAndPassword(java.lang.String,java.lang.String)
 INFO [main] (SignInSteps.java:48)- user clicked on login button
  And User click on login button                           # tek.capstone.bdd.framework.steps.SignInSteps.userClickOnLoginBtn()
 INFO [main] (SignInSteps.java:54)- user has logged in into account
  And User should be logged in into Account                # tek.capstone.bdd.framework.steps.SignInSteps.userShouldBeLoggedIn()
 INFO [main] (RetailAccountSteps.java:26)- user clicked on account option
  When User click on Account option                        # tek.capstone.bdd.framework.steps.RetailAccountSteps.userClickOnAccountOption()
 INFO [main] (RetailAccountSteps.java:35)- user updated name and phone
  And User update Name 'firstName' and Phone 'phoneNumber' # tek.capstone.bdd.framework.steps.RetailAccountSteps.userUpdateNameAndPhone(java.lang.String,java.lang.String)
 INFO [main] (RetailAccountSteps.java:41)- user clicked on udpate button
  And User click on Update button                          # tek.capstone.bdd.framework.steps.RetailAccountSteps.userClickOnUpdateBtn()
 INFO [main] (RetailAccountSteps.java:48)- user profile information has been updated
  Then user profile information should be updated          # tek.capstone.bdd.framework.steps.RetailAccountSteps.userProfileShouldBeUpdated()

    Embedding Verify User can update Profile Information scenario failed [image/png 146482 bytes]

]]></system-out>
    <system-err><![CDATA[Starting ChromeDriver 114.0.5735.90 (386bc09e8f4f2e025eddae123f36f6263096ae49-refs/branch-heads/5735@{#1052}) on port 60492
Only local connections are allowed.
Please see https://chromedriver.chromium.org/security-considerations for suggestions on keeping ChromeDriver safe.
ChromeDriver was started successfully.
Jul. 11, 2023 11:52:12 A.M. org.openqa.selenium.remote.ProtocolHandshake createSession
INFO: Detected upstream dialect: W3C
Jul. 11, 2023 11:52:12 A.M. org.openqa.selenium.devtools.CdpVersionFinder findNearestMatch
WARNING: Unable to find an exact match for CDP version 114, so returning the closest version found: a no-op implementation
Jul. 11, 2023 11:52:12 A.M. org.openqa.selenium.devtools.CdpVersionFinder findNearestMatch
INFO: Unable to find CDP implementation matching 114.
Jul. 11, 2023 11:52:12 A.M. org.openqa.selenium.chromium.ChromiumDriver lambda$new$3
WARNING: Unable to find version of CDP to use for . You may need to include a dependency on a specific version of the CDP using something similar to `org.seleniumhq.selenium:selenium-devtools-v86:4.4.0` where the version ("v86") matches the version of the chromium-based browser you're using and the version number of the artifact is the same as Selenium's.
]]></system-err>
  </testcase>
  <testcase name="Verify User can add a payment method" classname="Retail Account Page" time="4.729">
    <system-out><![CDATA[
@jenkins @account2 @regression
Scenario: Verify User can add a payment method                           # features/RetailAccount.feature:19
 INFO [main] (SignInSteps.java:28)- user is on retail website
 INFO [main] (SignInSteps.java:29)- actual title React App equals expected title: React App
  Given User is on retail website                                        # tek.capstone.bdd.framework.steps.SignInSteps.userIsOnRetailWebsite()
 INFO [main] (SignInSteps.java:35)- user clicked on sign in button
  When User click on Sign in option                                      # tek.capstone.bdd.framework.steps.SignInSteps.userClickOnSignIn()
 INFO [main] (SignInSteps.java:42)- user entered email email and password password
  And User enter email 'email' and password 'password'                   # tek.capstone.bdd.framework.steps.SignInSteps.userEnterEmailAndPassword(java.lang.String,java.lang.String)
 INFO [main] (SignInSteps.java:48)- user clicked on login button
  And User click on login button                                         # tek.capstone.bdd.framework.steps.SignInSteps.userClickOnLoginBtn()
 INFO [main] (SignInSteps.java:54)- user has logged in into account
  And User should be logged in into Account                              # tek.capstone.bdd.framework.steps.SignInSteps.userShouldBeLoggedIn()
 INFO [main] (RetailAccountSteps.java:26)- user clicked on account option
  When User click on Account option                                      # tek.capstone.bdd.framework.steps.RetailAccountSteps.userClickOnAccountOption()
 INFO [main] (RetailAccountSteps.java:55)- user clicked on Add a payment method link
  And User click on Add a payment method link                            # tek.capstone.bdd.framework.steps.RetailAccountSteps.userClickOnAddPaymentLink()
 INFO [main] (RetailAccountSteps.java:67)- user filled debit or credit cards information
  And User fill Debit or credit card information                         # tek.capstone.bdd.framework.steps.RetailAccountSteps.userFillDebitOrCreditCardInfo(io.cucumber.datatable.DataTable)
    | cardNumber | nameOnCard | expirationMonth | expirationYear | securityCode |
    | cardNumber | fullName   | expirationMonth | expirationYear | securityCode |
 INFO [main] (RetailAccountSteps.java:74)- user clicked on Add Your card button
  And User click on Add your card button                                 # tek.capstone.bdd.framework.steps.RetailAccountSteps.userClickOnAddYourCardBtn()
 INFO [main] (RetailAccountSteps.java:81)- Payment Method added successfully message is displayed
  Then a message should be displayed â€˜Payment Method added successfullyâ€™ # tek.capstone.bdd.framework.steps.RetailAccountSteps.paymentAddedMessageShouldBeDisplayed()

    Embedding Verify User can add a payment method scenario failed [image/png 185764 bytes]

]]></system-out>
    <system-err><![CDATA[Starting ChromeDriver 114.0.5735.90 (386bc09e8f4f2e025eddae123f36f6263096ae49-refs/branch-heads/5735@{#1052}) on port 56063
Only local connections are allowed.
Please see https://chromedriver.chromium.org/security-considerations for suggestions on keeping ChromeDriver safe.
ChromeDriver was started successfully.
Jul. 11, 2023 11:52:17 A.M. org.openqa.selenium.remote.ProtocolHandshake createSession
INFO: Detected upstream dialect: W3C
Jul. 11, 2023 11:52:17 A.M. org.openqa.selenium.devtools.CdpVersionFinder findNearestMatch
WARNING: Unable to find an exact match for CDP version 114, so returning the closest version found: a no-op implementation
Jul. 11, 2023 11:52:17 A.M. org.openqa.selenium.devtools.CdpVersionFinder findNearestMatch
INFO: Unable to find CDP implementation matching 114.
Jul. 11, 2023 11:52:17 A.M. org.openqa.selenium.chromium.ChromiumDriver lambda$new$3
WARNING: Unable to find version of CDP to use for . You may need to include a dependency on a specific version of the CDP using something similar to `org.seleniumhq.selenium:selenium-devtools-v86:4.4.0` where the version ("v86") matches the version of the chromium-based browser you're using and the version number of the artifact is the same as Selenium's.
]]></system-err>
  </testcase>
  <testcase name="Verify User can edit Debit or Credit card" classname="Retail Account Page" time="5.578">
    <system-out><![CDATA[
@jenkins @account3 @regression
Scenario: Verify User can edit Debit or Credit card                        # features/RetailAccount.feature:28
 INFO [main] (SignInSteps.java:28)- user is on retail website
 INFO [main] (SignInSteps.java:29)- actual title React App equals expected title: React App
  Given User is on retail website                                          # tek.capstone.bdd.framework.steps.SignInSteps.userIsOnRetailWebsite()
 INFO [main] (SignInSteps.java:35)- user clicked on sign in button
  When User click on Sign in option                                        # tek.capstone.bdd.framework.steps.SignInSteps.userClickOnSignIn()
 INFO [main] (SignInSteps.java:42)- user entered email email and password password
  And User enter email 'email' and password 'password'                     # tek.capstone.bdd.framework.steps.SignInSteps.userEnterEmailAndPassword(java.lang.String,java.lang.String)
 INFO [main] (SignInSteps.java:48)- user clicked on login button
  And User click on login button                                           # tek.capstone.bdd.framework.steps.SignInSteps.userClickOnLoginBtn()
 INFO [main] (SignInSteps.java:54)- user has logged in into account
  And User should be logged in into Account                                # tek.capstone.bdd.framework.steps.SignInSteps.userShouldBeLoggedIn()
 INFO [main] (RetailAccountSteps.java:26)- user clicked on account option
  When User click on Account option                                        # tek.capstone.bdd.framework.steps.RetailAccountSteps.userClickOnAccountOption()
 INFO [main] (RetailAccountSteps.java:89)- user clicked on edit option of card
  And User click on Edit option of card section                            # tek.capstone.bdd.framework.steps.RetailAccountSteps.userClickOnEditOptionOfCard()
 INFO [main] (RetailAccountSteps.java:103)- user edited debit or credit cards information
  And user edit information with below data                                # tek.capstone.bdd.framework.steps.RetailAccountSteps.userEditInfo(io.cucumber.datatable.DataTable)
    | cardNumber | nameOnCard | expirationMonth | expirationYear | securityCode |
    | cardNumber | fullName   | 6               | 2026           | 234          |
 INFO [main] (RetailAccountSteps.java:109)- user clicked on Update Your Card button
  And user click on Update Your Card button                                # tek.capstone.bdd.framework.steps.RetailAccountSteps.userClickOnUpdateYourCardBtn()
 INFO [main] (RetailAccountSteps.java:116)- Payment Method updated Successfully message is displayed
  Then a message should be displayed â€˜Payment Method updated Successfullyâ€™ # tek.capstone.bdd.framework.steps.RetailAccountSteps.paymendUpdatedMessageShouldBeDisplayed()

    Embedding Verify User can edit Debit or Credit card scenario failed [image/png 174058 bytes]

]]></system-out>
    <system-err><![CDATA[Starting ChromeDriver 114.0.5735.90 (386bc09e8f4f2e025eddae123f36f6263096ae49-refs/branch-heads/5735@{#1052}) on port 50328
Only local connections are allowed.
Please see https://chromedriver.chromium.org/security-considerations for suggestions on keeping ChromeDriver safe.
ChromeDriver was started successfully.
Jul. 11, 2023 11:52:22 A.M. org.openqa.selenium.remote.ProtocolHandshake createSession
INFO: Detected upstream dialect: W3C
Jul. 11, 2023 11:52:22 A.M. org.openqa.selenium.devtools.CdpVersionFinder findNearestMatch
WARNING: Unable to find an exact match for CDP version 114, so returning the closest version found: a no-op implementation
Jul. 11, 2023 11:52:22 A.M. org.openqa.selenium.devtools.CdpVersionFinder findNearestMatch
INFO: Unable to find CDP implementation matching 114.
Jul. 11, 2023 11:52:22 A.M. org.openqa.selenium.chromium.ChromiumDriver lambda$new$3
WARNING: Unable to find version of CDP to use for . You may need to include a dependency on a specific version of the CDP using something similar to `org.seleniumhq.selenium:selenium-devtools-v86:4.4.0` where the version ("v86") matches the version of the chromium-based browser you're using and the version number of the artifact is the same as Selenium's.
]]></system-err>
  </testcase>
  <testcase name="Verify User can remove Debit or Credit card" classname="Retail Account Page" time="5.199">
    <system-out><![CDATA[
@jenkins @account4 @regression
Scenario: Verify User can remove Debit or Credit card  # features/RetailAccount.feature:37
 INFO [main] (SignInSteps.java:28)- user is on retail website
 INFO [main] (SignInSteps.java:29)- actual title React App equals expected title: React App
  Given User is on retail website                      # tek.capstone.bdd.framework.steps.SignInSteps.userIsOnRetailWebsite()
 INFO [main] (SignInSteps.java:35)- user clicked on sign in button
  When User click on Sign in option                    # tek.capstone.bdd.framework.steps.SignInSteps.userClickOnSignIn()
 INFO [main] (SignInSteps.java:42)- user entered email email and password password
  And User enter email 'email' and password 'password' # tek.capstone.bdd.framework.steps.SignInSteps.userEnterEmailAndPassword(java.lang.String,java.lang.String)
 INFO [main] (SignInSteps.java:48)- user clicked on login button
  And User click on login button                       # tek.capstone.bdd.framework.steps.SignInSteps.userClickOnLoginBtn()
 INFO [main] (SignInSteps.java:54)- user has logged in into account
  And User should be logged in into Account            # tek.capstone.bdd.framework.steps.SignInSteps.userShouldBeLoggedIn()
 INFO [main] (RetailAccountSteps.java:26)- user clicked on account option
  When User click on Account option                    # tek.capstone.bdd.framework.steps.RetailAccountSteps.userClickOnAccountOption()
 INFO [main] (RetailAccountSteps.java:124)- user clicked on remove card option on card
  And User click on remove option of card section      # tek.capstone.bdd.framework.steps.RetailAccountSteps.userClickOnRemoveOptionOfCard()
 INFO [main] (RetailAccountSteps.java:130)- payment details has been removed
  Then payment details should be removed               # tek.capstone.bdd.framework.steps.RetailAccountSteps.paymentDetailsShouldBeRemoved()

    Embedding Verify User can remove Debit or Credit card scenario failed [image/png 147255 bytes]

]]></system-out>
    <system-err><![CDATA[Starting ChromeDriver 114.0.5735.90 (386bc09e8f4f2e025eddae123f36f6263096ae49-refs/branch-heads/5735@{#1052}) on port 61726
Only local connections are allowed.
Please see https://chromedriver.chromium.org/security-considerations for suggestions on keeping ChromeDriver safe.
ChromeDriver was started successfully.
Jul. 11, 2023 11:52:27 A.M. org.openqa.selenium.remote.ProtocolHandshake createSession
INFO: Detected upstream dialect: W3C
Jul. 11, 2023 11:52:27 A.M. org.openqa.selenium.devtools.CdpVersionFinder findNearestMatch
WARNING: Unable to find an exact match for CDP version 114, so returning the closest version found: a no-op implementation
Jul. 11, 2023 11:52:27 A.M. org.openqa.selenium.devtools.CdpVersionFinder findNearestMatch
INFO: Unable to find CDP implementation matching 114.
Jul. 11, 2023 11:52:27 A.M. org.openqa.selenium.chromium.ChromiumDriver lambda$new$3
WARNING: Unable to find version of CDP to use for . You may need to include a dependency on a specific version of the CDP using something similar to `org.seleniumhq.selenium:selenium-devtools-v86:4.4.0` where the version ("v86") matches the version of the chromium-based browser you're using and the version number of the artifact is the same as Selenium's.
]]></system-err>
  </testcase>
  <testcase name="Verify User can add an Address" classname="Retail Account Page" time="5.226">
    <system-out><![CDATA[
@jenkins @account5 @regression @smoke
Scenario: Verify User can add an Address                          # features/RetailAccount.feature:42
 INFO [main] (SignInSteps.java:28)- user is on retail website
 INFO [main] (SignInSteps.java:29)- actual title React App equals expected title: React App
  Given User is on retail website                                 # tek.capstone.bdd.framework.steps.SignInSteps.userIsOnRetailWebsite()
 INFO [main] (SignInSteps.java:35)- user clicked on sign in button
  When User click on Sign in option                               # tek.capstone.bdd.framework.steps.SignInSteps.userClickOnSignIn()
 INFO [main] (SignInSteps.java:42)- user entered email email and password password
  And User enter email 'email' and password 'password'            # tek.capstone.bdd.framework.steps.SignInSteps.userEnterEmailAndPassword(java.lang.String,java.lang.String)
 INFO [main] (SignInSteps.java:48)- user clicked on login button
  And User click on login button                                  # tek.capstone.bdd.framework.steps.SignInSteps.userClickOnLoginBtn()
 INFO [main] (SignInSteps.java:54)- user has logged in into account
  And User should be logged in into Account                       # tek.capstone.bdd.framework.steps.SignInSteps.userShouldBeLoggedIn()
 INFO [main] (RetailAccountSteps.java:26)- user clicked on account option
  When User click on Account option                               # tek.capstone.bdd.framework.steps.RetailAccountSteps.userClickOnAccountOption()
 INFO [main] (RetailAccountSteps.java:137)- user clicked on Add Address option
  And User click on Add address option                            # tek.capstone.bdd.framework.steps.RetailAccountSteps.userClickOnAddAddressOption()
 INFO [main] (RetailAccountSteps.java:157)- user added the address information
  And User fill new address form with below information           # tek.capstone.bdd.framework.steps.RetailAccountSteps.userFillAddressInfo(io.cucumber.datatable.DataTable)
    | country | fullName | phoneNumber | streetAddress | apt | city | state   | zipCode |
    | Canada  | fullName | phoneNumber | streetAddress | 123 | city | Ontario | zipCode |
 INFO [main] (RetailAccountSteps.java:163)- user clicked on Add Your Address button
  And User click Add Your Address button                          # tek.capstone.bdd.framework.steps.RetailAccountSteps.userClickAddYourAddressBtn()
 INFO [main] (RetailAccountSteps.java:170)- Address Added Successfully message is displayed
  Then a message should be displayed â€˜Address Added Successfullyâ€™ # tek.capstone.bdd.framework.steps.RetailAccountSteps.addressAddedMessage()

    Embedding Verify User can add an Address scenario failed [image/png 174900 bytes]

]]></system-out>
    <system-err><![CDATA[Starting ChromeDriver 114.0.5735.90 (386bc09e8f4f2e025eddae123f36f6263096ae49-refs/branch-heads/5735@{#1052}) on port 54341
Only local connections are allowed.
Please see https://chromedriver.chromium.org/security-considerations for suggestions on keeping ChromeDriver safe.
ChromeDriver was started successfully.
Jul. 11, 2023 11:52:32 A.M. org.openqa.selenium.remote.ProtocolHandshake createSession
INFO: Detected upstream dialect: W3C
Jul. 11, 2023 11:52:32 A.M. org.openqa.selenium.devtools.CdpVersionFinder findNearestMatch
WARNING: Unable to find an exact match for CDP version 114, so returning the closest version found: a no-op implementation
Jul. 11, 2023 11:52:32 A.M. org.openqa.selenium.devtools.CdpVersionFinder findNearestMatch
INFO: Unable to find CDP implementation matching 114.
Jul. 11, 2023 11:52:32 A.M. org.openqa.selenium.chromium.ChromiumDriver lambda$new$3
WARNING: Unable to find version of CDP to use for . You may need to include a dependency on a specific version of the CDP using something similar to `org.seleniumhq.selenium:selenium-devtools-v86:4.4.0` where the version ("v86") matches the version of the chromium-based browser you're using and the version number of the artifact is the same as Selenium's.
]]></system-err>
  </testcase>
  <testcase name="Verify User can edit an Address added on account" classname="Retail Account Page" time="5.68">
    <system-out><![CDATA[
@jenkins @account6 @regression
Scenario: Verify User can edit an Address added on account        # features/RetailAccount.feature:51
 INFO [main] (SignInSteps.java:28)- user is on retail website
 INFO [main] (SignInSteps.java:29)- actual title React App equals expected title: React App
  Given User is on retail website                                 # tek.capstone.bdd.framework.steps.SignInSteps.userIsOnRetailWebsite()
 INFO [main] (SignInSteps.java:35)- user clicked on sign in button
  When User click on Sign in option                               # tek.capstone.bdd.framework.steps.SignInSteps.userClickOnSignIn()
 INFO [main] (SignInSteps.java:42)- user entered email email and password password
  And User enter email 'email' and password 'password'            # tek.capstone.bdd.framework.steps.SignInSteps.userEnterEmailAndPassword(java.lang.String,java.lang.String)
 INFO [main] (SignInSteps.java:48)- user clicked on login button
  And User click on login button                                  # tek.capstone.bdd.framework.steps.SignInSteps.userClickOnLoginBtn()
 INFO [main] (SignInSteps.java:54)- user has logged in into account
  And User should be logged in into Account                       # tek.capstone.bdd.framework.steps.SignInSteps.userShouldBeLoggedIn()
 INFO [main] (RetailAccountSteps.java:26)- user clicked on account option
  When User click on Account option                               # tek.capstone.bdd.framework.steps.RetailAccountSteps.userClickOnAccountOption()
 INFO [main] (RetailAccountSteps.java:178)- user clicked on edit option on address
  And User click on edit address option                           # tek.capstone.bdd.framework.steps.RetailAccountSteps.userClickEditOnAddress()
 INFO [main] (RetailAccountSteps.java:157)- user added the address information
  And User fill new address form with below information           # tek.capstone.bdd.framework.steps.RetailAccountSteps.userFillAddressInfo(io.cucumber.datatable.DataTable)
    | country       | fullName | phoneNumber | streetAddress | apt | city | state      | zipCode |
    | United States | fullName | phoneNumber | streetAddress | 123 | city | California | zipCode |
 INFO [main] (RetailAccountSteps.java:184)- user clicked on Update Your Address button
  And User click update Your Address button                       # tek.capstone.bdd.framework.steps.RetailAccountSteps.userClickOnUpdateYourAddressBtn()
 INFO [main] (RetailAccountSteps.java:191)- Address Updated Successfully message is displayed
  Then a message should be displayed Address Updated Successfully # tek.capstone.bdd.framework.steps.RetailAccountSteps.addressUpdatedMessageShouldBeDisplayed()

    Embedding Verify User can edit an Address added on account scenario failed [image/png 181476 bytes]

]]></system-out>
    <system-err><![CDATA[Starting ChromeDriver 114.0.5735.90 (386bc09e8f4f2e025eddae123f36f6263096ae49-refs/branch-heads/5735@{#1052}) on port 56594
Only local connections are allowed.
Please see https://chromedriver.chromium.org/security-considerations for suggestions on keeping ChromeDriver safe.
ChromeDriver was started successfully.
Jul. 11, 2023 11:52:38 A.M. org.openqa.selenium.remote.ProtocolHandshake createSession
INFO: Detected upstream dialect: W3C
Jul. 11, 2023 11:52:38 A.M. org.openqa.selenium.devtools.CdpVersionFinder findNearestMatch
WARNING: Unable to find an exact match for CDP version 114, so returning the closest version found: a no-op implementation
Jul. 11, 2023 11:52:38 A.M. org.openqa.selenium.devtools.CdpVersionFinder findNearestMatch
INFO: Unable to find CDP implementation matching 114.
Jul. 11, 2023 11:52:38 A.M. org.openqa.selenium.chromium.ChromiumDriver lambda$new$3
WARNING: Unable to find version of CDP to use for . You may need to include a dependency on a specific version of the CDP using something similar to `org.seleniumhq.selenium:selenium-devtools-v86:4.4.0` where the version ("v86") matches the version of the chromium-based browser you're using and the version number of the artifact is the same as Selenium's.
]]></system-err>
  </testcase>
  <testcase name="Verify User can remove Address from Account" classname="Retail Account Page" time="3.81">
    <system-out><![CDATA[
@jenkins @account7 @regression
Scenario: Verify User can remove Address from Account  # features/RetailAccount.feature:60
 INFO [main] (SignInSteps.java:28)- user is on retail website
 INFO [main] (SignInSteps.java:29)- actual title React App equals expected title: React App
  Given User is on retail website                      # tek.capstone.bdd.framework.steps.SignInSteps.userIsOnRetailWebsite()
 INFO [main] (SignInSteps.java:35)- user clicked on sign in button
  When User click on Sign in option                    # tek.capstone.bdd.framework.steps.SignInSteps.userClickOnSignIn()
 INFO [main] (SignInSteps.java:42)- user entered email email and password password
  And User enter email 'email' and password 'password' # tek.capstone.bdd.framework.steps.SignInSteps.userEnterEmailAndPassword(java.lang.String,java.lang.String)
 INFO [main] (SignInSteps.java:48)- user clicked on login button
  And User click on login button                       # tek.capstone.bdd.framework.steps.SignInSteps.userClickOnLoginBtn()
 INFO [main] (SignInSteps.java:54)- user has logged in into account
  And User should be logged in into Account            # tek.capstone.bdd.framework.steps.SignInSteps.userShouldBeLoggedIn()
 INFO [main] (RetailAccountSteps.java:26)- user clicked on account option
  When User click on Account option                    # tek.capstone.bdd.framework.steps.RetailAccountSteps.userClickOnAccountOption()
 INFO [main] (RetailAccountSteps.java:198)- user clicked on remove button on address
  And User click on remove option of Address section   # tek.capstone.bdd.framework.steps.RetailAccountSteps.userClickRemoveOnAddress()
 INFO [main] (RetailAccountSteps.java:205)- address details has been removed
  Then Address details should be removed               # tek.capstone.bdd.framework.steps.RetailAccountSteps.addressDetailsShouldBeRemoved()

    Embedding Verify User can remove Address from Account scenario failed [image/png 169975 bytes]

]]></system-out>
    <system-err><![CDATA[Starting ChromeDriver 114.0.5735.90 (386bc09e8f4f2e025eddae123f36f6263096ae49-refs/branch-heads/5735@{#1052}) on port 60255
Only local connections are allowed.
Please see https://chromedriver.chromium.org/security-considerations for suggestions on keeping ChromeDriver safe.
ChromeDriver was started successfully.
Jul. 11, 2023 11:52:43 A.M. org.openqa.selenium.remote.ProtocolHandshake createSession
INFO: Detected upstream dialect: W3C
Jul. 11, 2023 11:52:43 A.M. org.openqa.selenium.devtools.CdpVersionFinder findNearestMatch
WARNING: Unable to find an exact match for CDP version 114, so returning the closest version found: a no-op implementation
Jul. 11, 2023 11:52:43 A.M. org.openqa.selenium.devtools.CdpVersionFinder findNearestMatch
INFO: Unable to find CDP implementation matching 114.
Jul. 11, 2023 11:52:43 A.M. org.openqa.selenium.chromium.ChromiumDriver lambda$new$3
WARNING: Unable to find version of CDP to use for . You may need to include a dependency on a specific version of the CDP using something similar to `org.seleniumhq.selenium:selenium-devtools-v86:4.4.0` where the version ("v86") matches the version of the chromium-based browser you're using and the version number of the artifact is the same as Selenium's.
]]></system-err>
  </testcase>
  <testcase name="Verify User can cancel the order" classname="Retail Order Page" time="4.182">
    <system-out><![CDATA[
@jenkins @order1 @regression
Scenario: Verify User can cancel the order                                       # features/RetailOrder.feature:14
 INFO [main] (SignInSteps.java:28)- user is on retail website
 INFO [main] (SignInSteps.java:29)- actual title React App equals expected title: React App
  Given User is on retail website                                                # tek.capstone.bdd.framework.steps.SignInSteps.userIsOnRetailWebsite()
 INFO [main] (SignInSteps.java:35)- user clicked on sign in button
  When User click on Sign in option                                              # tek.capstone.bdd.framework.steps.SignInSteps.userClickOnSignIn()
 INFO [main] (SignInSteps.java:42)- user entered email email and password password
  And User enter email 'email' and password 'password'                           # tek.capstone.bdd.framework.steps.SignInSteps.userEnterEmailAndPassword(java.lang.String,java.lang.String)
 INFO [main] (SignInSteps.java:48)- user clicked on login button
  And User click on login button                                                 # tek.capstone.bdd.framework.steps.SignInSteps.userClickOnLoginBtn()
 INFO [main] (SignInSteps.java:54)- user has logged in into account
  And User should be logged in into Account                                      # tek.capstone.bdd.framework.steps.SignInSteps.userShouldBeLoggedIn()
 INFO [main] (RetailOrderSteps.java:21)- user clicked on orders option
  And User click on Orders section                                               # tek.capstone.bdd.framework.steps.RetailOrderSteps.userClickOnOrdersSection()
 INFO [main] (RetailOrderSteps.java:33)- user clicked on order
  And User click on first order in list                                          # tek.capstone.bdd.framework.steps.RetailOrderSteps.userClickOnFirstOrderInList()
 INFO [main] (RetailOrderSteps.java:40)- user clicked on Cancel The Order button
  And User click on Cancel The Order button                                      # tek.capstone.bdd.framework.steps.RetailOrderSteps.userClickOnCancelTheOrderBtn()
 INFO [main] (RetailOrderSteps.java:46)- user selected the cancellation reason Bought wrong item
  And User select the cancelation Reason 'Bought wrong item'                     # tek.capstone.bdd.framework.steps.RetailOrderSteps.userSelectTheCancellationReason(java.lang.String)
 INFO [main] (RetailOrderSteps.java:52)- user clicked on Cancel Order button
  And User click on Cancel Order button                                          # tek.capstone.bdd.framework.steps.RetailOrderSteps.userClickOnCancelOrderbutton()
 INFO [main] (RetailOrderSteps.java:61)- order cancellation message is displayed
  Then a cancelation message should be displayed 'Your Order Has Been Cancelled' # tek.capstone.bdd.framework.steps.RetailOrderSteps.cancellationMessageShouldBeDisplayed(java.lang.String)

    Embedding Verify User can cancel the order scenario failed [image/png 79570 bytes]

]]></system-out>
    <system-err><![CDATA[Starting ChromeDriver 114.0.5735.90 (386bc09e8f4f2e025eddae123f36f6263096ae49-refs/branch-heads/5735@{#1052}) on port 51061
Only local connections are allowed.
Please see https://chromedriver.chromium.org/security-considerations for suggestions on keeping ChromeDriver safe.
ChromeDriver was started successfully.
Jul. 11, 2023 11:52:47 A.M. org.openqa.selenium.remote.ProtocolHandshake createSession
INFO: Detected upstream dialect: W3C
Jul. 11, 2023 11:52:47 A.M. org.openqa.selenium.devtools.CdpVersionFinder findNearestMatch
WARNING: Unable to find an exact match for CDP version 114, so returning the closest version found: a no-op implementation
Jul. 11, 2023 11:52:47 A.M. org.openqa.selenium.devtools.CdpVersionFinder findNearestMatch
INFO: Unable to find CDP implementation matching 114.
Jul. 11, 2023 11:52:47 A.M. org.openqa.selenium.chromium.ChromiumDriver lambda$new$3
WARNING: Unable to find version of CDP to use for . You may need to include a dependency on a specific version of the CDP using something similar to `org.seleniumhq.selenium:selenium-devtools-v86:4.4.0` where the version ("v86") matches the version of the chromium-based browser you're using and the version number of the artifact is the same as Selenium's.
]]></system-err>
  </testcase>
  <testcase name="Verify User can Return the order" classname="Retail Order Page" time="4.331">
    <system-out><![CDATA[
@jenkins @order2 @regression @smoke
Scenario: Verify User can Return the order                                # features/RetailOrder.feature:21
 INFO [main] (SignInSteps.java:28)- user is on retail website
 INFO [main] (SignInSteps.java:29)- actual title React App equals expected title: React App
  Given User is on retail website                                         # tek.capstone.bdd.framework.steps.SignInSteps.userIsOnRetailWebsite()
 INFO [main] (SignInSteps.java:35)- user clicked on sign in button
  When User click on Sign in option                                       # tek.capstone.bdd.framework.steps.SignInSteps.userClickOnSignIn()
 INFO [main] (SignInSteps.java:42)- user entered email email and password password
  And User enter email 'email' and password 'password'                    # tek.capstone.bdd.framework.steps.SignInSteps.userEnterEmailAndPassword(java.lang.String,java.lang.String)
 INFO [main] (SignInSteps.java:48)- user clicked on login button
  And User click on login button                                          # tek.capstone.bdd.framework.steps.SignInSteps.userClickOnLoginBtn()
 INFO [main] (SignInSteps.java:54)- user has logged in into account
  And User should be logged in into Account                               # tek.capstone.bdd.framework.steps.SignInSteps.userShouldBeLoggedIn()
 INFO [main] (RetailOrderSteps.java:21)- user clicked on orders option
  And User click on Orders section                                        # tek.capstone.bdd.framework.steps.RetailOrderSteps.userClickOnOrdersSection()
 INFO [main] (RetailOrderSteps.java:33)- user clicked on order
  And User click on first order in list                                   # tek.capstone.bdd.framework.steps.RetailOrderSteps.userClickOnFirstOrderInList()
 INFO [main] (RetailOrderSteps.java:79)- user clicked on return item button
  And User click on Return Items button                                   # tek.capstone.bdd.framework.steps.RetailOrderSteps.userClickOnReturnItemsButton()
 INFO [main] (RetailOrderSteps.java:85)- user selected the return reason: Item damaged
  And User select the Return Reason 'Item damaged'                        # tek.capstone.bdd.framework.steps.RetailOrderSteps.userSelectReturnReason(java.lang.String)
  And User select the drop off service 'FedEx'                            # tek.capstone.bdd.framework.steps.RetailOrderSteps.userSelectDropOffService(java.lang.String)
 INFO [main] (RetailOrderSteps.java:96)- user clicked on Return Order button
  And User click on Return Order button                                   # tek.capstone.bdd.framework.steps.RetailOrderSteps.userClickOnReturnOrderBtn()
 INFO [main] (RetailOrderSteps.java:61)- order cancellation message is displayed
  Then a cancelation message should be displayed 'Return was successfull' # tek.capstone.bdd.framework.steps.RetailOrderSteps.cancellationMessageShouldBeDisplayed(java.lang.String)

    Embedding Verify User can Return the order scenario failed [image/png 65656 bytes]

]]></system-out>
    <system-err><![CDATA[Starting ChromeDriver 114.0.5735.90 (386bc09e8f4f2e025eddae123f36f6263096ae49-refs/branch-heads/5735@{#1052}) on port 55879
Only local connections are allowed.
Please see https://chromedriver.chromium.org/security-considerations for suggestions on keeping ChromeDriver safe.
ChromeDriver was started successfully.
Jul. 11, 2023 11:52:51 A.M. org.openqa.selenium.remote.ProtocolHandshake createSession
INFO: Detected upstream dialect: W3C
Jul. 11, 2023 11:52:51 A.M. org.openqa.selenium.devtools.CdpVersionFinder findNearestMatch
WARNING: Unable to find an exact match for CDP version 114, so returning the closest version found: a no-op implementation
Jul. 11, 2023 11:52:51 A.M. org.openqa.selenium.devtools.CdpVersionFinder findNearestMatch
INFO: Unable to find CDP implementation matching 114.
Jul. 11, 2023 11:52:51 A.M. org.openqa.selenium.chromium.ChromiumDriver lambda$new$3
WARNING: Unable to find version of CDP to use for . You may need to include a dependency on a specific version of the CDP using something similar to `org.seleniumhq.selenium:selenium-devtools-v86:4.4.0` where the version ("v86") matches the version of the chromium-based browser you're using and the version number of the artifact is the same as Selenium's.
]]></system-err>
  </testcase>
  <testcase name="Verify User can write a review on order placed" classname="Retail Order Page" time="4.88">
    <system-out><![CDATA[
@jenkins @order3 @regression
Scenario: Verify User can write a review on order placed                           # features/RetailOrder.feature:29
 INFO [main] (SignInSteps.java:28)- user is on retail website
 INFO [main] (SignInSteps.java:29)- actual title React App equals expected title: React App
  Given User is on retail website                                                  # tek.capstone.bdd.framework.steps.SignInSteps.userIsOnRetailWebsite()
 INFO [main] (SignInSteps.java:35)- user clicked on sign in button
  When User click on Sign in option                                                # tek.capstone.bdd.framework.steps.SignInSteps.userClickOnSignIn()
 INFO [main] (SignInSteps.java:42)- user entered email email and password password
  And User enter email 'email' and password 'password'                             # tek.capstone.bdd.framework.steps.SignInSteps.userEnterEmailAndPassword(java.lang.String,java.lang.String)
 INFO [main] (SignInSteps.java:48)- user clicked on login button
  And User click on login button                                                   # tek.capstone.bdd.framework.steps.SignInSteps.userClickOnLoginBtn()
 INFO [main] (SignInSteps.java:54)- user has logged in into account
  And User should be logged in into Account                                        # tek.capstone.bdd.framework.steps.SignInSteps.userShouldBeLoggedIn()
 INFO [main] (RetailOrderSteps.java:21)- user clicked on orders option
  And User click on Orders section                                                 # tek.capstone.bdd.framework.steps.RetailOrderSteps.userClickOnOrdersSection()
 INFO [main] (RetailOrderSteps.java:33)- user clicked on order
  And User click on first order in list                                            # tek.capstone.bdd.framework.steps.RetailOrderSteps.userClickOnFirstOrderInList()
 INFO [main] (RetailOrderSteps.java:103)- user clicked on review button
  And User click on Review button                                                  # tek.capstone.bdd.framework.steps.RetailOrderSteps.userClickOnReviewBtn()
 INFO [main] (RetailOrderSteps.java:110)- user entered headline and description
  And User write Review headline 'Good product' and 'the product quality was good' # tek.capstone.bdd.framework.steps.RetailOrderSteps.userWriteReviewHeadlineAndText(java.lang.String,java.lang.String)
 INFO [main] (RetailOrderSteps.java:116)- user clicked on add your review button
  And User click Add your Review button                                            # tek.capstone.bdd.framework.steps.RetailOrderSteps.userClickAddYourReviewButton()
 INFO [main] (RetailOrderSteps.java:126)- review added successfully message is displayed
  Then a review message should be displayed 'Your review was added successfully'   # tek.capstone.bdd.framework.steps.RetailOrderSteps.reviewMessageShouldBeDisplayed(java.lang.String)

    Embedding Verify User can write a review on order placed scenario failed [image/png 227793 bytes]

]]></system-out>
    <system-err><![CDATA[Starting ChromeDriver 114.0.5735.90 (386bc09e8f4f2e025eddae123f36f6263096ae49-refs/branch-heads/5735@{#1052}) on port 63872
Only local connections are allowed.
Please see https://chromedriver.chromium.org/security-considerations for suggestions on keeping ChromeDriver safe.
ChromeDriver was started successfully.
Jul. 11, 2023 11:52:56 A.M. org.openqa.selenium.remote.ProtocolHandshake createSession
INFO: Detected upstream dialect: W3C
Jul. 11, 2023 11:52:56 A.M. org.openqa.selenium.devtools.CdpVersionFinder findNearestMatch
WARNING: Unable to find an exact match for CDP version 114, so returning the closest version found: a no-op implementation
Jul. 11, 2023 11:52:56 A.M. org.openqa.selenium.devtools.CdpVersionFinder findNearestMatch
INFO: Unable to find CDP implementation matching 114.
Jul. 11, 2023 11:52:56 A.M. org.openqa.selenium.chromium.ChromiumDriver lambda$new$3
WARNING: Unable to find version of CDP to use for . You may need to include a dependency on a specific version of the CDP using something similar to `org.seleniumhq.selenium:selenium-devtools-v86:4.4.0` where the version ("v86") matches the version of the chromium-based browser you're using and the version number of the artifact is the same as Selenium's.
]]></system-err>
  </testcase>
  <testcase name="Verify user can sign in into Retail Application" classname="Sign In Feature" time="3.821">
    <system-out><![CDATA[
@jenkins @signIn1 @regression
Scenario: Verify user can sign in into Retail Application # features/SignIn.feature:9
 INFO [main] (SignInSteps.java:28)- user is on retail website
 INFO [main] (SignInSteps.java:29)- actual title React App equals expected title: React App
  Given User is on retail website                         # tek.capstone.bdd.framework.steps.SignInSteps.userIsOnRetailWebsite()
 INFO [main] (SignInSteps.java:35)- user clicked on sign in button
  When User click on Sign in option                       # tek.capstone.bdd.framework.steps.SignInSteps.userClickOnSignIn()
 INFO [main] (SignInSteps.java:42)- user entered email email and password password
  And User enter email "email" and password "password"    # tek.capstone.bdd.framework.steps.SignInSteps.userEnterEmailAndPassword(java.lang.String,java.lang.String)
 INFO [main] (SignInSteps.java:48)- user clicked on login button
  And User click on login button                          # tek.capstone.bdd.framework.steps.SignInSteps.userClickOnLoginBtn()
 INFO [main] (SignInSteps.java:54)- user has logged in into account
  Then User should be logged in into Account              # tek.capstone.bdd.framework.steps.SignInSteps.userShouldBeLoggedIn()

    Embedding Verify user can sign in into Retail Application scenario failed [image/png 1458839 bytes]

]]></system-out>
    <system-err><![CDATA[Starting ChromeDriver 114.0.5735.90 (386bc09e8f4f2e025eddae123f36f6263096ae49-refs/branch-heads/5735@{#1052}) on port 64737
Only local connections are allowed.
Please see https://chromedriver.chromium.org/security-considerations for suggestions on keeping ChromeDriver safe.
ChromeDriver was started successfully.
Jul. 11, 2023 11:53:00 A.M. org.openqa.selenium.remote.ProtocolHandshake createSession
INFO: Detected upstream dialect: W3C
Jul. 11, 2023 11:53:00 A.M. org.openqa.selenium.devtools.CdpVersionFinder findNearestMatch
WARNING: Unable to find an exact match for CDP version 114, so returning the closest version found: a no-op implementation
Jul. 11, 2023 11:53:00 A.M. org.openqa.selenium.devtools.CdpVersionFinder findNearestMatch
INFO: Unable to find CDP implementation matching 114.
Jul. 11, 2023 11:53:00 A.M. org.openqa.selenium.chromium.ChromiumDriver lambda$new$3
WARNING: Unable to find version of CDP to use for . You may need to include a dependency on a specific version of the CDP using something similar to `org.seleniumhq.selenium:selenium-devtools-v86:4.4.0` where the version ("v86") matches the version of the chromium-based browser you're using and the version number of the artifact is the same as Selenium's.
]]></system-err>
  </testcase>
  <testcase name="Verify user can create an account into Retail Website" classname="Sign In Feature" time="3.962">
    <system-out><![CDATA[
@jenkins @signIn @regression @smoke
Scenario: Verify user can create an account into Retail Website # features/SignIn.feature:15
 INFO [main] (SignInSteps.java:28)- user is on retail website
 INFO [main] (SignInSteps.java:29)- actual title React App equals expected title: React App
  Given User is on retail website                               # tek.capstone.bdd.framework.steps.SignInSteps.userIsOnRetailWebsite()
 INFO [main] (SignInSteps.java:35)- user clicked on sign in button
  When User click on Sign in option                             # tek.capstone.bdd.framework.steps.SignInSteps.userClickOnSignIn()
  And User click on Create New Account button                   # tek.capstone.bdd.framework.steps.SignInSteps.userClickOnNewAccountBtn()
 INFO [main] (SignInSteps.java:70)- user filled the signUp information form
  And User fill the signUp information with below data          # tek.capstone.bdd.framework.steps.SignInSteps.userFillTheSignUpForm(io.cucumber.datatable.DataTable)
    | name     | email | password  | confirmPassword |
    | fullName | email | Tek@12345 | Tek@12345       |
 INFO [main] (SignInSteps.java:76)- user has clicked on signUp button
  And User click on SignUp button                               # tek.capstone.bdd.framework.steps.SignInSteps.userClickOnSignUpBtn()
 INFO [main] (SignInSteps.java:82)- user has logged into account page
  Then User should be logged into account page                  # tek.capstone.bdd.framework.steps.SignInSteps.userShouldBeLoggedIntoAccount()

    Embedding Verify user can create an account into Retail Website scenario failed [image/png 129565 bytes]

]]></system-out>
    <system-err><![CDATA[Starting ChromeDriver 114.0.5735.90 (386bc09e8f4f2e025eddae123f36f6263096ae49-refs/branch-heads/5735@{#1052}) on port 57310
Only local connections are allowed.
Please see https://chromedriver.chromium.org/security-considerations for suggestions on keeping ChromeDriver safe.
ChromeDriver was started successfully.
Jul. 11, 2023 11:53:04 A.M. org.openqa.selenium.remote.ProtocolHandshake createSession
INFO: Detected upstream dialect: W3C
Jul. 11, 2023 11:53:04 A.M. org.openqa.selenium.devtools.CdpVersionFinder findNearestMatch
WARNING: Unable to find an exact match for CDP version 114, so returning the closest version found: a no-op implementation
Jul. 11, 2023 11:53:04 A.M. org.openqa.selenium.devtools.CdpVersionFinder findNearestMatch
INFO: Unable to find CDP implementation matching 114.
Jul. 11, 2023 11:53:04 A.M. org.openqa.selenium.chromium.ChromiumDriver lambda$new$3
WARNING: Unable to find version of CDP to use for . You may need to include a dependency on a specific version of the CDP using something similar to `org.seleniumhq.selenium:selenium-devtools-v86:4.4.0` where the version ("v86") matches the version of the chromium-based browser you're using and the version number of the artifact is the same as Selenium's.
]]></system-err>
  </testcase>
  <testcase name="Verify User can Update password" classname="Updating password for the UI" time="5.705">
    <system-out><![CDATA[
@jenkins @pass1
Scenario: Verify User can Update password                            # features/TargetPassword.feature:5
 INFO [main] (SignInSteps.java:28)- user is on retail website
 INFO [main] (SignInSteps.java:29)- actual title React App equals expected title: React App
  Given User is on retail website                                    # tek.capstone.bdd.framework.steps.SignInSteps.userIsOnRetailWebsite()
 INFO [main] (SignInSteps.java:35)- user clicked on sign in button
  When User click on Sign in option                                  # tek.capstone.bdd.framework.steps.SignInSteps.userClickOnSignIn()
 INFO [main] (SignInSteps.java:42)- user entered email email and password password
  And User enter email 'email' and password 'password'               # tek.capstone.bdd.framework.steps.SignInSteps.userEnterEmailAndPassword(java.lang.String,java.lang.String)
 INFO [main] (SignInSteps.java:48)- user clicked on login button
  And User click on login button                                     # tek.capstone.bdd.framework.steps.SignInSteps.userClickOnLoginBtn()
 INFO [main] (SignInSteps.java:54)- user has logged in into account
  And User should be logged in into Account                          # tek.capstone.bdd.framework.steps.SignInSteps.userShouldBeLoggedIn()
 INFO [main] (RetailAccountSteps.java:26)- user clicked on account option
  When User click on Account option                                  # tek.capstone.bdd.framework.steps.RetailAccountSteps.userClickOnAccountOption()
 INFO [main] (ChangePasswordSteps.java:28)- user entered previous and new passwords
  And User enter below information                                   # tek.capstone.bdd.framework.steps.ChangePasswordSteps.userEnterBelowInfo(io.cucumber.datatable.DataTable)
    | previousPassword | newPassword | confirmPassword |
    | password         | newPassword | newPassword     |
 INFO [main] (ChangePasswordSteps.java:34)- user clicked on change password button
  And User click on Change Password button                           # tek.capstone.bdd.framework.steps.ChangePasswordSteps.userClickOnChangePassBtn()
 INFO [main] (ChangePasswordSteps.java:41)- Password Updated Successfully
  Then a message should be displayed â€˜Password Updated Successfullyâ€™ # tek.capstone.bdd.framework.steps.ChangePasswordSteps.passwordUpdateMessage()

    Embedding Verify User can Update password scenario failed [image/png 143635 bytes]

]]></system-out>
    <system-err><![CDATA[Starting ChromeDriver 114.0.5735.90 (386bc09e8f4f2e025eddae123f36f6263096ae49-refs/branch-heads/5735@{#1052}) on port 56087
Only local connections are allowed.
Please see https://chromedriver.chromium.org/security-considerations for suggestions on keeping ChromeDriver safe.
ChromeDriver was started successfully.
Jul. 11, 2023 11:53:08 A.M. org.openqa.selenium.remote.ProtocolHandshake createSession
INFO: Detected upstream dialect: W3C
Jul. 11, 2023 11:53:08 A.M. org.openqa.selenium.devtools.CdpVersionFinder findNearestMatch
WARNING: Unable to find an exact match for CDP version 114, so returning the closest version found: a no-op implementation
Jul. 11, 2023 11:53:08 A.M. org.openqa.selenium.devtools.CdpVersionFinder findNearestMatch
INFO: Unable to find CDP implementation matching 114.
Jul. 11, 2023 11:53:08 A.M. org.openqa.selenium.chromium.ChromiumDriver lambda$new$3
WARNING: Unable to find version of CDP to use for . You may need to include a dependency on a specific version of the CDP using something similar to `org.seleniumhq.selenium:selenium-devtools-v86:4.4.0` where the version ("v86") matches the version of the chromium-based browser you're using and the version number of the artifact is the same as Selenium's.
]]></system-err>
  </testcase>
</testsuite>